Log file open, 04/06/15 16:00:08
LogInit:Display: Running engine for game: MyPaper2dGame
LogInit: Version: 4.7.4-2497108+++depot+UE4-Releases+4.7
LogInit: API Version: 2455222
LogInit: Compiled (64-bit): Mar 31 2015 09:40:25
LogInit: Compiled with Visual C++: 18.00.21005.01
LogInit: Build Configuration: Development
LogInit: Branch Name: ++depot+UE4-Releases+4.7
LogInit: Command line: 
LogInit: Base directory: C:/Program Files/Epic Games/4.7/Engine/Binaries/Win64/
LogInit: Rocket: 1
[2015.04.06-23.00.08:880][  0]LogTaskGraph: Started task graph with 3 named threads and 6 total threads.
[2015.04.06-23.00.08:945][  0]LogOnline:Warning: No default platform service specified for OnlineSubsystem
[2015.04.06-23.00.08:961][  0]LogInit: Presizing for 0 objects not considered by GC, pre-allocating 0 bytes.
[2015.04.06-23.00.08:975][  0]LogInit: Object subsystem initialized
[2015.04.06-23.00.08:977][  0]LogConsoleResponse:Warning: Skipping Unknown console variable: 'TranslucentSortAxis = (X=0.000000,Y=-1.000000,Z=0.000000)'
[2015.04.06-23.00.08:977][  0]LogConsoleResponse:Warning:   Found in ini file 'C:/Users/David/Documents/Unreal Projects/MyPaper2dGame/Saved/Config/Windows/Engine.ini', in section '[/Script/Engine.RendererSettings]'
[2015.04.06-23.00.08:977][  0]LogConsoleResponse:Warning: Skipping Unknown console variable: 'UIScaleRule = ShortestSide'
[2015.04.06-23.00.08:977][  0]LogConsoleResponse:Warning:   Found in ini file 'C:/Users/David/Documents/Unreal Projects/MyPaper2dGame/Saved/Config/Windows/Engine.ini', in section '[/Script/Engine.RendererSettings]'
[2015.04.06-23.00.08:977][  0]LogConsoleResponse:Warning: Skipping Unknown console variable: 'UIScaleCurve = (EditorCurveData=(Keys=),ExternalCurve=None)'
[2015.04.06-23.00.08:977][  0]LogConsoleResponse:Warning:   Found in ini file 'C:/Users/David/Documents/Unreal Projects/MyPaper2dGame/Saved/Config/Windows/Engine.ini', in section '[/Script/Engine.RendererSettings]'
[2015.04.06-23.00.08:978][  0]LogInit: Selected Device Profile: [Windows]
[2015.04.06-23.00.08:978][  0]LogInit: Applying CVar settings loaded from the selected device profile: [Windows]
[2015.04.06-23.00.09:003][  0]LogInit: Computer: DAVOPCX64
[2015.04.06-23.00.09:003][  0]LogInit: User: David
[2015.04.06-23.00.09:003][  0]LogInit: CPU Page size=4096, Cores=4
[2015.04.06-23.00.09:003][  0]LogInit: High frequency timer resolution =3.418037 MHz
[2015.04.06-23.00.09:003][  0]LogMemory: Memory total: Physical=7.9GB (8GB approx) Virtual=8192.0GB
[2015.04.06-23.00.09:004][  0]LogMemory: Platform Memory Stats for Windows
[2015.04.06-23.00.09:004][  0]LogMemory: Process Physical Memory: 48.46 MB used, 48.46 MB peak
[2015.04.06-23.00.09:004][  0]LogMemory: Process Virtual Memory: 26.45 MB used, 26.45 MB peak
[2015.04.06-23.00.09:004][  0]LogMemory: Physical Memory: 3015.73 MB used, 8073.93 MB total
[2015.04.06-23.00.09:004][  0]LogMemory: Virtual Memory: 279.64 MB used, 8388608.00 MB total
[2015.04.06-23.00.09:029][  0]LogD3D11RHI: Found D3D11 adapter 0: AMD Radeon HD 7800 Series (Feature Level 11_0)
[2015.04.06-23.00.09:029][  0]LogD3D11RHI: Adapter has 1003MB of dedicated video memory, 0MB of dedicated system memory, and 3780MB of shared system memory, 2 output[s]
[2015.04.06-23.00.09:032][  0]LogD3D11RHI: Found D3D11 adapter 1: Intel(R) HD Graphics 4000 (Feature Level 11_0)
[2015.04.06-23.00.09:032][  0]LogD3D11RHI: Adapter has 64MB of dedicated video memory, 0MB of dedicated system memory, and 1632MB of shared system memory, 1 output[s]
[2015.04.06-23.00.09:032][  0]LogD3D11RHI: Chosen D3D11 Adapter Id = 0
[2015.04.06-23.00.09:037][  0]LogRHI: Texture pool is 702 MB (70% of 1003 MB)
[2015.04.06-23.00.09:045][  0]LogD3D11RHI: Async texture creation disabled: no driver support
[2015.04.06-23.00.09:096][  0]LogTextLocalizationManager: The requested culture ('en_US') has no localization data; parent culture's ('en') localization data will be used.
[2015.04.06-23.00.09:159][  0]LogTextLocalizationManager:Warning: Loading localization resources contain conflicting entries for (Namespace:UICommands, Key:Save_ToolTip):
Resource: (C:/Program Files/Epic Games/4.7/Engine/Content/Localization/Editor/en/Editor.locres) Hash: (-29098895) String: (Saves the current level to disk)
Resource: (C:/Program Files/Epic Games/4.7/Engine/Content/Localization/Engine/en/Engine.locres) Hash: (-1280300587) String: (Save selected data to vlog file)
[2015.04.06-23.00.09:159][  0]LogTextLocalizationManager:Warning: Loading localization resources contain conflicting entries for (Namespace:ContentBrowser, Key:ImportAssetToolTip):
Resource: (C:/Program Files/Epic Games/4.7/Engine/Content/Localization/Editor/en/Editor.locres) Hash: (-630476809) String: (Import to {0}...)
Resource: (C:/Program Files/Epic Games/4.7/Engine/Content/Localization/Editor/en/Editor.locres) Hash: (1271782899) String: (Imports an asset from file to this folder.)
[2015.04.06-23.00.09:247][  0]LogContentStreaming: Texture pool size is 0.000000MB
[2015.04.06-23.00.11:639][  0]LogTargetPlatformManager:Display: Building Assets For Windows
[2015.04.06-23.00.12:153][  0]LogTargetPlatformManager:Display: Building Assets For Windows
[2015.04.06-23.00.12:213][  0]LogDerivedDataCache:Display: Max Cache Size: 512 MB
[2015.04.06-23.00.12:283][  0]LogDerivedDataCache: Loaded boot cache 0.07s 39MB C:/Users/David/AppData/Local/UnrealEngine/4.7/DerivedDataCache/Boot.ddc.
[2015.04.06-23.00.12:283][  0]LogDerivedDataCache:Display: Loaded Boot cache: C:/Users/David/AppData/Local/UnrealEngine/4.7/DerivedDataCache/Boot.ddc
[2015.04.06-23.00.12:283][  0]LogDerivedDataCache: FDerivedDataBackendGraph:  Pak pak cache file ../../../../../../Users/David/Documents/Unreal Projects/MyPaper2dGame/DerivedDataCache/DDC.ddp not found, will not use a pak cache.
[2015.04.06-23.00.12:283][  0]LogDerivedDataCache: Unable to find inner node Pak for hierarchical cache Hierarchy.
[2015.04.06-23.00.12:403][  0]LogDerivedDataCache:Display: Pak cache opened for reading ../../../Engine/DerivedDataCache/Compressed.ddp.
[2015.04.06-23.00.12:414][  0]LogDerivedDataCache: Using Local data cache path C:/Users/David/AppData/Local/UnrealEngine/Common/DerivedDataCache: Writable
[2015.04.06-23.00.12:731][  0]LogMeshUtilities: No automatic mesh reduction module available
[2015.04.06-23.00.12:731][  0]LogMeshUtilities: No automatic mesh merging module available
[2015.04.06-23.00.13:099][  0]LogInit: WinSock: version 1.1 (2.2), MaxSocks=32767, MaxUdp=65467
[2015.04.06-23.00.13:172][  0]LogSlate:Warning: Failed to load font data from '../../../Engine/Content/Slate/Fonts/Roboto-Italic.ttf'
[2015.04.06-23.00.13:884][  0]UdpMessaging: Initializing bridge on interface 0.0.0.0:0 to multicast group 230.0.0.1:6666.
[2015.04.06-23.00.14:114][  0]SourceControl: Info Source control is disabled
[2015.04.06-23.00.14:114][  0]SourceControl: Info Source control is disabled
[2015.04.06-23.00.14:114][  0]SourceControl: Info Source control is disabled
[2015.04.06-23.00.14:114][  0]LogSourceControl: RunCommandInternalRaw: 'git version'
[2015.04.06-23.00.14:114][  0]LogSourceControl: RunCommandInternalRaw: ExecProcess ReturnCode=2 OutResults=''
[2015.04.06-23.00.14:122][  0]SourceControl: Info Source control is disabled
[2015.04.06-23.00.14:298][  0]LogObj: 24232 objects as part of root set at end of initial load.
[2015.04.06-23.00.14:298][  0]LogUObjectAllocator: 5137176 out of 0 bytes used by permanent object pool.
[2015.04.06-23.00.14:375][  0]LogEngine: Initializing Engine...
[2015.04.06-23.00.16:554][  0]LogInit: XAudio2 using 'Speakers (Realtek High Definition Audio)' : 2 channels at 48 kHz using 32 bits per sample (channel mask 0x3)
[2015.04.06-23.00.16:570][  0]LogInit: FAudioDevice initialized.
[2015.04.06-23.00.16:603][  0]LogAIModule: Creating AISystem for world NewWorld
[2015.04.06-23.00.16:641][  0]LogDerivedDataCache: Saved boot cache 0.04s 39MB C:/Users/David/AppData/Local/UnrealEngine/4.7/DerivedDataCache/Boot.ddc.
[2015.04.06-23.00.16:652][  0]LogInit: Texture streaming: Enabled
[2015.04.06-23.00.16:743][  0]LogAnalytics: Creating configured Analytics provider AnalyticsET
[2015.04.06-23.00.16:743][  0]LogAnalytics: ET APIKey = Rocket.Release. APIServer = http://et2.epicgames.com/ET2/. AppVersion = 4.7.4-2497108+++depot+UE4-Releases+4.7
[2015.04.06-23.00.16:743][  0]LogAnalytics: ET APIKey = Rocket.Release. DataRouterUploadURL = https://datarouter-public-service-gamedev.ol.epicgames.net/datarouter/api/v1/public/data. AppVersion = 4.7.4-2497108+++depot+UE4-Releases+4.7
[2015.04.06-23.00.16:743][  0]LogAnalytics: SetUserId 63bad7584199a80b18f5d19af3640327|847b49c4ca63452480b7439378717c51|d31b456e-061b-4b71-818e-0d4e346df735
[2015.04.06-23.00.16:743][  0]LogAnalytics: AnalyticsET::StartSession [Rocket.Release]
[2015.04.06-23.00.16:765][  0]LogInit: Transaction tracking system initialized
[2015.04.06-23.00.16:928][  0]BlueprintLog: New page: Editor Load
[2015.04.06-23.00.16:961][  0]LogAssetRegistry: FAssetRegistry took 0.0098 seconds to start up
[2015.04.06-23.00.16:961][  0]LogDirectoryWatcher:Warning: Failed to begin reading directory changes for ../../../Engine/Plugins/Experimental/CharacterAI/Content/. Error: 0
[2015.04.06-23.00.17:497][  0]LogTargetPlatformManager:Display: Building Assets For Windows
[2015.04.06-23.00.17:856][  0]LogTargetPlatformManager:Display: Building Assets For Windows
[2015.04.06-23.00.18:077][  0]LogLinker:Warning: Asset '../../../Engine/Content/Tutorial/Mobile/SettingUpAndroidTutorial.uasset' has been saved with empty engine version. The asset will be loaded but may be incompatible.
[2015.04.06-23.00.18:110][  0]LogSlate:Warning: Failed to load font data from '../../../Engine/Content/Editor/Slate/Fonts/Roboto-Regular.ttf'
[2015.04.06-23.00.18:111][  0]LogSlate:Warning: Failed to load font data from '../../../Engine/Content/Editor/Slate/Fonts/Roboto-Bold.ttf'
[2015.04.06-23.00.18:115][  0]LogConsoleResponse:Display: 
[2015.04.06-23.00.18:274][  0]LogCook:Display: Done creating registry. It took  0.00s.
[2015.04.06-23.00.18:408][  0]SourceControl: Info Source control is disabled
[2015.04.06-23.00.18:408][  0]Cmd: MAP LOAD FILE="../../../../../../Users/David/Documents/Unreal Projects/MyPaper2dGame/Content/My2DMap.umap" TEMPLATE=0 SHOWPROGRESS=1 FEATURELEVEL=3
[2015.04.06-23.00.18:431][  0]LightingResults: New page: Lighting Build
[2015.04.06-23.00.18:444][  0]MapCheck: New page: Map Check
[2015.04.06-23.00.18:444][  0]LightingResults: New page: Lighting Build
[2015.04.06-23.00.18:453][  0]LogParticles: Destroying 0 GPU particle simulations for FXSystem 0x0000000011BC8C20
[2015.04.06-23.00.19:061][  0]LogEditorServer: Finished looking for orphan Actors (0.000 secs)
[2015.04.06-23.00.19:062][  0]LogAIModule: Creating AISystem for world My2DMap
[2015.04.06-23.00.19:063][  0]Cmd: MAP CHECKDEP
[2015.04.06-23.00.19:063][  0]MapCheck: New page: My2DMap - Apr 6, 2015, 9:00:19 AM
[2015.04.06-23.00.19:142][  0]MapCheck: Info Map check complete: 0 Error(s), 0 Warning(s), took 79.318ms to complete.
[2015.04.06-23.00.19:142][  0]LogFileHelpers: Loading map 'My2DMap' took 0.735
[2015.04.06-23.00.19:498][  0]LogCollectionManager: Loaded 0 collections in 0.001487 seconds
[2015.04.06-23.00.19:509][  0]LogContentBrowser: Native class hierarchy populated in 0.0112 seconds. Added 1696 classes and 261 folders.
[2015.04.06-23.00.19:558][  0]LogContentBrowser: Native class hierarchy updated for 'SceneOutliner' in 0.0017 seconds. Added 1 classes and 2 folders.
[2015.04.06-23.00.19:836][  0]LogCrashTracker: Crashtracker disabled due to settings.
[2015.04.06-23.00.19:838][  0]LogSlate:Warning: Failed to load font data from 'Veranda'
[2015.04.06-23.00.19:848][  0]LogUObjectGlobals:Warning: Failed to find object 'Class None.'
[2015.04.06-23.00.19:874][  0]LogLoad: Full Startup: 13.21 seconds (BP compile: 0.00 seconds)
[2015.04.06-23.00.19:919][  0]LogContentBrowser:Verbose: The content browser source was changed by the sources view to '/Game/Particles'
[2015.04.06-23.00.20:271][  0]LogRenderer:Warning: Reallocating scene render targets to support 1208x656 (Frame:2).
[2015.04.06-23.00.20:459][  4]LogAssetRegistry: Asset discovery search completed in 3.5086 seconds
[2015.04.06-23.01.00:366][ 78]LogPlayLevel: PIE:  No blueprints needed recompiling
[2015.04.06-23.01.00:366][ 78]PIE: New page: PIE session: My2DMap (Apr 6, 2015, 9:01:00 AM)
[2015.04.06-23.01.00:368][ 78]LogPlayLevel: PIE: StaticDuplicateObject took: (0.000922s)
[2015.04.06-23.01.00:368][ 78]LogPlayLevel: PIE: World Init took: (0.000507s)
[2015.04.06-23.01.00:368][ 78]LogPlayLevel: PIE: Created PIE world by copying editor world from /Game/My2DMap.My2DMap to /Game/UEDPIE_0_My2DMap.My2DMap (0.001573s)
[2015.04.06-23.01.01:788][ 78]LogWorld: Game class is 'PaperGameMode_C'
[2015.04.06-23.01.01:792][ 78]LogAIModule: Creating AISystem for world My2DMap
[2015.04.06-23.01.01:795][ 78]LogWorld: Bringing World /Game/UEDPIE_0_My2DMap.My2DMap up for play (max tick rate 0) at 2015.04.06-16.01.01
[2015.04.06-23.01.01:796][ 78]LogWorld: Bringing up level for play took: 0.003024
[2015.04.06-23.01.01:798][ 78]PIE: Info Play in editor start time for /Game/UEDPIE_0_My2DMap 1.095
[2015.04.06-23.01.15:977][572]LogParticles: Destroying 0 GPU particle simulations for FXSystem 0x000000001E383600
[2015.04.06-23.01.33:086][365]LogContentBrowser: Native class hierarchy updated for 'Cascade' in 0.0025 seconds. Added 2 classes and 2 folders.
[2015.04.06-23.01.33:178][365]LogPhysics:Warning: PHYSX: ..\..\PhysXExtensions\src\ExtRigidBodyExt.cpp (234) 4 : computeMassAndInertia: Dynamic actor with illegal collision shapes
[2015.04.06-23.01.33:178][365]LogPhysics:Warning: PHYSX: ..\..\PhysXExtensions\src\ExtRigidBodyExt.cpp (283) 4 : PxRigidBodyExt::updateMassAndInertia: Mass and inertia computation failed, setting mass to 1 and inertia to (1,1,1)
[2015.04.06-23.03.22:145][876]LogCascade: Non-seeded module ParticleModuleOrbit
[2015.04.06-23.03.43:821][439]LogCascade: Non-seeded module ParticleModuleAccelerationConstant
[2015.04.06-23.07.34:357][512]LogCascade: Non-seeded module ParticleModuleRotation
[2015.04.06-23.10.35:382][860]LogFileHelpers: Editor autosave (incl. sublevels) for '/Game/My2DMap' took 0.010
[2015.04.06-23.10.35:428][860]OBJ SavePackage: Generating thumbnails for [1] asset(s) in package [/Game/Particles/SplosionPart] ([1] browsable assets)...
[2015.04.06-23.10.35:465][860]OBJ SavePackage:     Rendered thumbnail for [ParticleSystem /Game/Particles/SplosionPart.SplosionPart]
[2015.04.06-23.10.35:465][860]OBJ SavePackage: Finished generating thumbnails for package [/Game/Particles/SplosionPart]
[2015.04.06-23.10.35:569][860]LogSavePackage: Save=98.921402ms
[2015.04.06-23.10.35:569][860]LogSavePackage: Moving '../../../../../../Users/David/Documents/Unreal Projects/MyPaper2dGame/Saved/SplosionPart_Auto1BF2F31C440DF2D359722D4AD06A9532B.tmp' to '../../../../../../Users/David/Documents/Unreal Projects/MyPaper2dGame/Saved/Autosaves/Game/Particles/SplosionPart_Auto1.uasset'
[2015.04.06-23.10.35:589][860]LogFileHelpers: Auto-saving content packages took 0.207
[2015.04.06-23.12.05:974][596]LogCascade: Quitting Cascade. FXSystem=0x0000000020C15580
[2015.04.06-23.12.16:108][577]LogEditorViewport: Clicking on Actor (LMB): Emitter (SplosionPart)
[2015.04.06-23.12.20:729][986]LogPhysics:Warning: PHYSX: ..\..\PhysXExtensions\src\ExtRigidBodyExt.cpp (234) 4 : computeMassAndInertia: Dynamic actor with illegal collision shapes
[2015.04.06-23.12.20:729][986]LogPhysics:Warning: PHYSX: ..\..\PhysXExtensions\src\ExtRigidBodyExt.cpp (283) 4 : PxRigidBodyExt::updateMassAndInertia: Mass and inertia computation failed, setting mass to 1 and inertia to (1,1,1)
[2015.04.06-23.12.28:725][842]LogPlayLevel: PIE:  No blueprints needed recompiling
[2015.04.06-23.12.28:725][842]PIE: New page: PIE session: My2DMap (Apr 6, 2015, 9:12:28 AM)
[2015.04.06-23.12.28:727][842]LogPlayLevel: PIE: StaticDuplicateObject took: (0.000912s)
[2015.04.06-23.12.28:727][842]LogPlayLevel: PIE: World Init took: (0.000442s)
[2015.04.06-23.12.28:727][842]LogPlayLevel: PIE: Created PIE world by copying editor world from /Game/My2DMap.My2DMap to /Game/UEDPIE_0_My2DMap.My2DMap (0.001484s)
[2015.04.06-23.12.28:757][842]LogWorld: Game class is 'PaperGameMode_C'
[2015.04.06-23.12.28:759][842]LogAIModule: Creating AISystem for world My2DMap
[2015.04.06-23.12.28:762][842]LogWorld: Bringing World /Game/UEDPIE_0_My2DMap.My2DMap up for play (max tick rate 0) at 2015.04.06-16.12.28
[2015.04.06-23.12.28:763][842]LogWorld: Bringing up level for play took: 0.003178
[2015.04.06-23.12.28:765][842]PIE: Info Play in editor start time for /Game/UEDPIE_0_My2DMap 0.053
[2015.04.06-23.12.32:196][229]LogParticles: Destroying 0 GPU particle simulations for FXSystem 0x000000001E382E80
[2015.04.06-23.12.32:196][229]LogParticles: Destroying 0 GPU particle simulations for FXSystem 0x0000000020C15580
[2015.04.06-23.12.58:627][ 57]Cmd: OBJ SAVEPACKAGE PACKAGE="/Game/Particles/SplosionPart" FILE="../../../../../../Users/David/Documents/Unreal Projects/MyPaper2dGame/Content/Particles/SplosionPart.uasset" SILENT=true
[2015.04.06-23.12.58:671][ 57]LogSavePackage: Save=42.337166ms
[2015.04.06-23.12.58:671][ 57]LogSavePackage: Moving '../../../../../../Users/David/Documents/Unreal Projects/MyPaper2dGame/Saved/SplosionPart591D65F34FCF3BAF3FD81A9E545340FF.tmp' to '../../../../../../Users/David/Documents/Unreal Projects/MyPaper2dGame/Content/Particles/SplosionPart.uasset'
[2015.04.06-23.13.28:248][ 27]LogPlayLevel: PIE:  No blueprints needed recompiling
[2015.04.06-23.13.28:249][ 27]PIE: New page: PIE session: My2DMap (Apr 6, 2015, 9:13:28 AM)
[2015.04.06-23.13.28:250][ 27]LogPlayLevel: PIE: StaticDuplicateObject took: (0.000919s)
[2015.04.06-23.13.28:250][ 27]LogPlayLevel: PIE: World Init took: (0.000452s)
[2015.04.06-23.13.28:251][ 27]LogPlayLevel: PIE: Created PIE world by copying editor world from /Game/My2DMap.My2DMap to /Game/UEDPIE_0_My2DMap.My2DMap (0.001500s)
[2015.04.06-23.13.28:286][ 27]LogWorld: Game class is 'PaperGameMode_C'
[2015.04.06-23.13.28:288][ 27]LogAIModule: Creating AISystem for world My2DMap
[2015.04.06-23.13.28:291][ 27]LogWorld: Bringing World /Game/UEDPIE_0_My2DMap.My2DMap up for play (max tick rate 0) at 2015.04.06-16.13.28
[2015.04.06-23.13.28:292][ 27]LogWorld: Bringing up level for play took: 0.003141
[2015.04.06-23.13.28:294][ 27]PIE: Info Play in editor start time for /Game/UEDPIE_0_My2DMap -0.419
[2015.04.06-23.13.32:965][562]LogParticles: Destroying 0 GPU particle simulations for FXSystem 0x000000000D2EB420
[2015.04.06-23.20.54:031][195]LogSavePackage: Save=19.910843ms
[2015.04.06-23.20.54:031][195]LogSavePackage: Moving '../../../../../../Users/David/Documents/Unreal Projects/MyPaper2dGame/Saved/My2DMap_Auto20EBA3DB347209B72C1F5AD8DE79D41E6.tmp' to '../../../../../../Users/David/Documents/Unreal Projects/MyPaper2dGame/Saved/Autosaves/Game/My2DMap_Auto2.umap'
[2015.04.06-23.20.54:036][195]LogFileHelpers: Editor autosave (incl. sublevels) for '/Game/My2DMap' took 0.132
[2015.04.06-23.20.54:036][195]LogFileHelpers: Editor autosave (incl. sublevels) for all levels took 0.132
[2015.04.06-23.20.54:085][195]OBJ SavePackage: Generating thumbnails for [1] asset(s) in package [/Game/Particles/SplosionPart] ([1] browsable assets)...
[2015.04.06-23.20.54:104][195]OBJ SavePackage:     Rendered thumbnail for [ParticleSystem /Game/Particles/SplosionPart.SplosionPart]
[2015.04.06-23.20.54:104][195]OBJ SavePackage: Finished generating thumbnails for package [/Game/Particles/SplosionPart]
[2015.04.06-23.20.54:210][195]LogSavePackage: Save=87.523338ms
[2015.04.06-23.20.54:211][195]LogSavePackage: Moving '../../../../../../Users/David/Documents/Unreal Projects/MyPaper2dGame/Saved/SplosionPart_Auto2EABB8DE949269D0B990725973F4935FB.tmp' to '../../../../../../Users/David/Documents/Unreal Projects/MyPaper2dGame/Saved/Autosaves/Game/Particles/SplosionPart_Auto2.uasset'
[2015.04.06-23.20.54:213][195]LogFileHelpers: Auto-saving content packages took 0.177
[2015.04.06-23.29.21:502][728]LogCascade: Non-seeded module ParticleModuleColorOverLife
[2015.04.06-23.30.13:388][647]Cmd: OBJ SAVEPACKAGE PACKAGE="/Game/Particles/SplosionPart" FILE="../../../../../../Users/David/Documents/Unreal Projects/MyPaper2dGame/Content/Particles/SplosionPart.uasset" SILENT=true
[2015.04.06-23.30.13:435][647]LogSavePackage: Save=22.638725ms
[2015.04.06-23.30.13:435][647]LogSavePackage: Moving '../../../../../../Users/David/Documents/Unreal Projects/MyPaper2dGame/Saved/SplosionPart72DA70194039FBBEB151C3A3F9F9BF16.tmp' to '../../../../../../Users/David/Documents/Unreal Projects/MyPaper2dGame/Content/Particles/SplosionPart.uasset'
[2015.04.06-23.31.47:361][ 87]LogFileHelpers: Editor autosave (incl. sublevels) for '/Game/My2DMap' took 0.009
[2015.04.06-23.31.47:413][ 87]OBJ SavePackage: Generating thumbnails for [1] asset(s) in package [/Game/Particles/SplosionPart] ([1] browsable assets)...
[2015.04.06-23.31.47:437][ 87]OBJ SavePackage:     Rendered thumbnail for [ParticleSystem /Game/Particles/SplosionPart.SplosionPart]
[2015.04.06-23.31.47:437][ 87]OBJ SavePackage: Finished generating thumbnails for package [/Game/Particles/SplosionPart]
[2015.04.06-23.31.47:554][ 87]LogSavePackage: Save=101.192589ms
[2015.04.06-23.31.47:555][ 87]LogSavePackage: Moving '../../../../../../Users/David/Documents/Unreal Projects/MyPaper2dGame/Saved/SplosionPart_Auto309666CA0459185143A4FF98B61196253.tmp' to '../../../../../../Users/David/Documents/Unreal Projects/MyPaper2dGame/Saved/Autosaves/Game/Particles/SplosionPart_Auto3.uasset'
[2015.04.06-23.31.47:559][ 87]LogFileHelpers: Auto-saving content packages took 0.198
[2015.04.06-23.35.25:423][227]LogCascade: Quitting Cascade. FXSystem=0x000000000D2CAD40
[2015.04.06-23.35.26:679][324]LogEditorViewport: Clicking on Actor (LMB): PaperSpriteActor (2DBackground_Sprite)
[2015.04.06-23.35.28:270][455]LogParticles: Destroying 0 GPU particle simulations for FXSystem 0x000000000D2CAD40
[2015.04.06-23.35.28:436][455]Cmd: OBJ SAVEPACKAGE PACKAGE="/Game/My2DMap" FILE="../../../../../../Users/David/Documents/Unreal Projects/MyPaper2dGame/Content/My2DMap.umap" SILENT=true AUTOSAVING=false KEEPDIRTY=false
[2015.04.06-23.35.28:494][455]LogSavePackage: Save=21.977234ms
[2015.04.06-23.35.28:495][455]LogSavePackage: Moving '../../../../../../Users/David/Documents/Unreal Projects/MyPaper2dGame/Saved/My2DMap5F5FB8CB45B082CBAF433BB9CFA7606A.tmp' to '../../../../../../Users/David/Documents/Unreal Projects/MyPaper2dGame/Content/My2DMap.umap'
[2015.04.06-23.35.28:531][455]LogFileHelpers: Saving map 'My2DMap' took 0.184
[2015.04.06-23.35.28:542][455]Cmd: OBJ SAVEPACKAGE PACKAGE="/Game/Particles/SplosionPart" FILE="../../../../../../Users/David/Documents/Unreal Projects/MyPaper2dGame/Content/Particles/SplosionPart.uasset" SILENT=true
[2015.04.06-23.35.28:584][455]LogSavePackage: Save=20.595739ms
[2015.04.06-23.35.28:584][455]LogSavePackage: Moving '../../../../../../Users/David/Documents/Unreal Projects/MyPaper2dGame/Saved/SplosionPart60D27E0D4F2988C1E108B3A27DCD6480.tmp' to '../../../../../../Users/David/Documents/Unreal Projects/MyPaper2dGame/Content/Particles/SplosionPart.uasset'
[2015.04.06-23.35.32:002][731]LogPlayLevel: PIE:  No blueprints needed recompiling
[2015.04.06-23.35.32:002][731]PIE: New page: PIE session: My2DMap (Apr 6, 2015, 9:35:32 AM)
[2015.04.06-23.35.32:004][731]LogPlayLevel: PIE: StaticDuplicateObject took: (0.000919s)
[2015.04.06-23.35.32:004][731]LogPlayLevel: PIE: World Init took: (0.000545s)
[2015.04.06-23.35.32:004][731]LogPlayLevel: PIE: Created PIE world by copying editor world from /Game/My2DMap.My2DMap to /Game/UEDPIE_0_My2DMap.My2DMap (0.001653s)
[2015.04.06-23.35.32:039][731]LogWorld: Game class is 'PaperGameMode_C'
[2015.04.06-23.35.32:041][731]LogAIModule: Creating AISystem for world My2DMap
[2015.04.06-23.35.32:044][731]LogWorld: Bringing World /Game/UEDPIE_0_My2DMap.My2DMap up for play (max tick rate 0) at 2015.04.06-16.35.32
[2015.04.06-23.35.32:045][731]LogWorld: Bringing up level for play took: 0.004110
[2015.04.06-23.35.32:050][731]PIE: Info Play in editor start time for /Game/UEDPIE_0_My2DMap -0.68
[2015.04.06-23.37.43:180][385]LogParticles: Destroying 0 GPU particle simulations for FXSystem 0x0000000026BDC220
[2015.04.06-23.37.52:740][162]LogContentBrowser:Verbose: The content browser source was changed by the sources view to '/Game/Blueprints'
[2015.04.06-23.42.55:248][267]BlueprintLog: New page: Compile MyCharacter
[2015.04.06-23.42.55:374][267]BlueprintEditorCompileResults: Info [2568.67] Compile of MyCharacter successful! [in 126 ms]
[2015.04.06-23.42.58:637][431]LogPlayLevel: PIE:  No blueprints needed recompiling
[2015.04.06-23.42.58:637][431]PIE: New page: PIE session: My2DMap (Apr 6, 2015, 9:42:58 AM)
[2015.04.06-23.42.58:641][431]LogPlayLevel: PIE: StaticDuplicateObject took: (0.003174s)
[2015.04.06-23.42.58:643][431]LogPlayLevel: PIE: World Init took: (0.001990s)
[2015.04.06-23.42.58:643][431]LogPlayLevel: PIE: Created PIE world by copying editor world from /Game/My2DMap.My2DMap to /Game/UEDPIE_0_My2DMap.My2DMap (0.005421s)
[2015.04.06-23.42.58:679][431]LogWorld: Game class is 'PaperGameMode_C'
[2015.04.06-23.42.58:681][431]LogAIModule: Creating AISystem for world My2DMap
[2015.04.06-23.42.58:684][431]LogWorld: Bringing World /Game/UEDPIE_0_My2DMap.My2DMap up for play (max tick rate 0) at 2015.04.06-16.42.58
[2015.04.06-23.42.58:684][431]LogWorld: Bringing up level for play took: 0.003171
[2015.04.06-23.42.58:686][431]PIE: Info Play in editor start time for /Game/UEDPIE_0_My2DMap -0.049
[2015.04.06-23.43.05:794][819]LogCharacterMovement: MyCharacter_C_11 is stuck and failed to move!
[2015.04.06-23.43.10:564][128]LogParticles: Destroying 0 GPU particle simulations for FXSystem 0x000000000B8EEE80
[2015.04.06-23.45.09:398][192]BlueprintLog: New page: Pre-PIE auto-recompile
[2015.04.06-23.45.09:414][192]LogPlayLevel: [PIE] Compiling MyCharacter before PIE...
[2015.04.06-23.45.09:533][192]LogPlayLevel: PIE:  Blueprint regeneration took 134 ms (1 blueprints)
[2015.04.06-23.45.09:533][192]PIE: New page: PIE session: My2DMap (Apr 6, 2015, 9:45:09 AM)
[2015.04.06-23.45.09:535][192]LogPlayLevel: PIE: StaticDuplicateObject took: (0.001136s)
[2015.04.06-23.45.09:536][192]LogPlayLevel: PIE: World Init took: (0.000814s)
[2015.04.06-23.45.09:536][192]LogPlayLevel: PIE: Created PIE world by copying editor world from /Game/My2DMap.My2DMap to /Game/UEDPIE_0_My2DMap.My2DMap (0.002154s)
[2015.04.06-23.45.09:574][192]LogWorld: Game class is 'PaperGameMode_C'
[2015.04.06-23.45.09:576][192]LogAIModule: Creating AISystem for world My2DMap
[2015.04.06-23.45.09:580][192]LogWorld: Bringing World /Game/UEDPIE_0_My2DMap.My2DMap up for play (max tick rate 0) at 2015.04.06-16.45.09
[2015.04.06-23.45.09:581][192]LogWorld: Bringing up level for play took: 0.003342
[2015.04.06-23.45.09:583][192]PIE: Info Play in editor start time for /Game/UEDPIE_0_My2DMap 0.845
[2015.04.06-23.45.21:878][962]LogParticles: Destroying 0 GPU particle simulations for FXSystem 0x00000000201D05E0
[2015.04.06-23.46.36:717][969]BlueprintLog: New page: Pre-PIE auto-recompile
[2015.04.06-23.46.36:732][969]LogPlayLevel: [PIE] Compiling MyCharacter before PIE...
[2015.04.06-23.46.36:862][969]LogPlayLevel: PIE:  Blueprint regeneration took 145 ms (1 blueprints)
[2015.04.06-23.46.36:863][969]PIE: New page: PIE session: My2DMap (Apr 6, 2015, 9:46:36 AM)
[2015.04.06-23.46.36:864][969]LogPlayLevel: PIE: StaticDuplicateObject took: (0.000934s)
[2015.04.06-23.46.36:864][969]LogPlayLevel: PIE: World Init took: (0.000494s)
[2015.04.06-23.46.36:864][969]LogPlayLevel: PIE: Created PIE world by copying editor world from /Game/My2DMap.My2DMap to /Game/UEDPIE_0_My2DMap.My2DMap (0.001573s)
[2015.04.06-23.46.36:897][969]LogWorld: Game class is 'PaperGameMode_C'
[2015.04.06-23.46.36:899][969]LogAIModule: Creating AISystem for world My2DMap
[2015.04.06-23.46.36:902][969]LogWorld: Bringing World /Game/UEDPIE_0_My2DMap.My2DMap up for play (max tick rate 0) at 2015.04.06-16.46.36
[2015.04.06-23.46.36:902][969]LogWorld: Bringing up level for play took: 0.003216
[2015.04.06-23.46.36:906][969]PIE: Info Play in editor start time for /Game/UEDPIE_0_My2DMap 0.168
[2015.04.06-23.47.06:506][990]LogParticles: Destroying 0 GPU particle simulations for FXSystem 0x0000000024B0DE40
[2015.04.06-23.47.21:675][684]LogPlayLevel: PIE:  No blueprints needed recompiling
[2015.04.06-23.47.21:675][684]PIE: New page: PIE session: My2DMap (Apr 6, 2015, 9:47:21 AM)
[2015.04.06-23.47.21:676][684]LogPlayLevel: PIE: StaticDuplicateObject took: (0.000963s)
[2015.04.06-23.47.21:677][684]LogPlayLevel: PIE: World Init took: (0.000584s)
[2015.04.06-23.47.21:678][684]LogPlayLevel: PIE: Created PIE world by copying editor world from /Game/My2DMap.My2DMap to /Game/UEDPIE_0_My2DMap.My2DMap (0.002053s)
[2015.04.06-23.47.21:715][684]LogWorld: Game class is 'PaperGameMode_C'
[2015.04.06-23.47.21:717][684]LogAIModule: Creating AISystem for world My2DMap
[2015.04.06-23.47.21:720][684]LogWorld: Bringing World /Game/UEDPIE_0_My2DMap.My2DMap up for play (max tick rate 0) at 2015.04.06-16.47.21
[2015.04.06-23.47.21:721][684]LogWorld: Bringing up level for play took: 0.003164
[2015.04.06-23.47.21:723][684]PIE: Info Play in editor start time for /Game/UEDPIE_0_My2DMap 0.984
[2015.04.06-23.47.36:700][577]LogParticles: Destroying 0 GPU particle simulations for FXSystem 0x00000000300367A0
[2015.04.06-23.48.20:740][708]BlueprintLog: New page: Compile MyCharacter
[2015.04.06-23.48.20:878][708]BlueprintEditorCompileResults: Info [2894.17] Compile of MyCharacter successful! [in 137 ms]
[2015.04.06-23.48.25:075][844]LogPlayLevel: PIE:  No blueprints needed recompiling
[2015.04.06-23.48.25:076][844]PIE: New page: PIE session: My2DMap (Apr 6, 2015, 9:48:25 AM)
[2015.04.06-23.48.25:077][844]LogPlayLevel: PIE: StaticDuplicateObject took: (0.000913s)
[2015.04.06-23.48.25:077][844]LogPlayLevel: PIE: World Init took: (0.000463s)
[2015.04.06-23.48.25:077][844]LogPlayLevel: PIE: Created PIE world by copying editor world from /Game/My2DMap.My2DMap to /Game/UEDPIE_0_My2DMap.My2DMap (0.001506s)
[2015.04.06-23.48.25:113][844]LogWorld: Game class is 'PaperGameMode_C'
[2015.04.06-23.48.25:115][844]LogAIModule: Creating AISystem for world My2DMap
[2015.04.06-23.48.25:118][844]LogWorld: Bringing World /Game/UEDPIE_0_My2DMap.My2DMap up for play (max tick rate 0) at 2015.04.06-16.48.25
[2015.04.06-23.48.25:118][844]LogWorld: Bringing up level for play took: 0.003216
[2015.04.06-23.48.25:120][844]PIE: Info Play in editor start time for /Game/UEDPIE_0_My2DMap 0.381
[2015.04.06-23.48.37:654][683]LogParticles: Destroying 0 GPU particle simulations for FXSystem 0x0000000028041C60
[2015.04.06-23.48.50:079][288]BlueprintLog: New page: Compile MyCharacter
[2015.04.06-23.48.50:221][288]BlueprintEditorCompileResults: Info [2923.51] Compile of MyCharacter successful! [in 141 ms]
[2015.04.06-23.48.53:272][397]LogPlayLevel: PIE:  No blueprints needed recompiling
[2015.04.06-23.48.53:272][397]PIE: New page: PIE session: My2DMap (Apr 6, 2015, 9:48:53 AM)
[2015.04.06-23.48.53:274][397]LogPlayLevel: PIE: StaticDuplicateObject took: (0.000986s)
[2015.04.06-23.48.53:274][397]LogPlayLevel: PIE: World Init took: (0.000668s)
[2015.04.06-23.48.53:275][397]LogPlayLevel: PIE: Created PIE world by copying editor world from /Game/My2DMap.My2DMap to /Game/UEDPIE_0_My2DMap.My2DMap (0.001839s)
[2015.04.06-23.48.53:312][397]LogWorld: Game class is 'PaperGameMode_C'
[2015.04.06-23.48.53:315][397]LogAIModule: Creating AISystem for world My2DMap
[2015.04.06-23.48.53:318][397]LogWorld: Bringing World /Game/UEDPIE_0_My2DMap.My2DMap up for play (max tick rate 0) at 2015.04.06-16.48.53
[2015.04.06-23.48.53:319][397]LogWorld: Bringing up level for play took: 0.003175
[2015.04.06-23.48.53:321][397]PIE: Info Play in editor start time for /Game/UEDPIE_0_My2DMap 0.58
[2015.04.06-23.48.59:725][820]LogParticles: Destroying 0 GPU particle simulations for FXSystem 0x000000002495CAE0
[2015.04.06-23.49.09:809][287]LogFileHelpers: Editor autosave (incl. sublevels) for '/Game/My2DMap' took 0.024
[2015.04.06-23.49.09:860][287]OBJ SavePackage: Generating thumbnails for [0] asset(s) in package [/Game/Blueprints/MyCharacter] ([1] browsable assets)...
[2015.04.06-23.49.09:879][287]OBJ SavePackage: Finished generating thumbnails for package [/Game/Blueprints/MyCharacter]
[2015.04.06-23.49.10:165][287]LogSavePackage: Save=233.807297ms
[2015.04.06-23.49.10:165][287]LogSavePackage: Moving '../../../../../../Users/David/Documents/Unreal Projects/MyPaper2dGame/Saved/MyCharacter_Auto4807BA2204156A932529FA7BB19E0C9C2.tmp' to '../../../../../../Users/David/Documents/Unreal Projects/MyPaper2dGame/Saved/Autosaves/Game/Blueprints/MyCharacter_Auto4.uasset'
[2015.04.06-23.49.10:175][287]LogFileHelpers: Auto-saving content packages took 0.366
[2015.04.06-23.49.23:135][914]BlueprintLog: New page: Pre-PIE auto-recompile
[2015.04.06-23.49.23:151][914]LogPlayLevel: [PIE] Compiling MyCharacter before PIE...
[2015.04.06-23.49.23:287][914]LogPlayLevel: PIE:  Blueprint regeneration took 152 ms (1 blueprints)
[2015.04.06-23.49.23:287][914]PIE: New page: PIE session: My2DMap (Apr 6, 2015, 9:49:23 AM)
[2015.04.06-23.49.23:289][914]LogPlayLevel: PIE: StaticDuplicateObject took: (0.000934s)
[2015.04.06-23.49.23:289][914]LogPlayLevel: PIE: World Init took: (0.000518s)
[2015.04.06-23.49.23:289][914]LogPlayLevel: PIE: Created PIE world by copying editor world from /Game/My2DMap.My2DMap to /Game/UEDPIE_0_My2DMap.My2DMap (0.001595s)
[2015.04.06-23.49.23:322][914]LogWorld: Game class is 'PaperGameMode_C'
[2015.04.06-23.49.23:324][914]LogAIModule: Creating AISystem for world My2DMap
[2015.04.06-23.49.23:326][914]LogWorld: Bringing World /Game/UEDPIE_0_My2DMap.My2DMap up for play (max tick rate 0) at 2015.04.06-16.49.23
[2015.04.06-23.49.23:327][914]LogWorld: Bringing up level for play took: 0.002972
[2015.04.06-23.49.23:329][914]PIE: Info Play in editor start time for /Game/UEDPIE_0_My2DMap 0.589
[2015.04.06-23.49.39:351][962]LogParticles: Destroying 0 GPU particle simulations for FXSystem 0x0000000034596980
[2015.04.06-23.49.43:234][159]BlueprintLog: New page: Pre-PIE auto-recompile
[2015.04.06-23.49.43:251][159]LogPlayLevel: [PIE] Compiling MyCharacter before PIE...
[2015.04.06-23.49.43:384][159]LogPlayLevel: PIE:  Blueprint regeneration took 150 ms (1 blueprints)
[2015.04.06-23.49.43:385][159]PIE: New page: PIE session: My2DMap (Apr 6, 2015, 9:49:43 AM)
[2015.04.06-23.49.43:386][159]LogPlayLevel: PIE: StaticDuplicateObject took: (0.001256s)
[2015.04.06-23.49.43:387][159]LogPlayLevel: PIE: World Init took: (0.000497s)
[2015.04.06-23.49.43:387][159]LogPlayLevel: PIE: Created PIE world by copying editor world from /Game/My2DMap.My2DMap to /Game/UEDPIE_0_My2DMap.My2DMap (0.002077s)
[2015.04.06-23.49.43:420][159]LogWorld: Game class is 'PaperGameMode_C'
[2015.04.06-23.49.43:422][159]LogAIModule: Creating AISystem for world My2DMap
[2015.04.06-23.49.43:425][159]LogWorld: Bringing World /Game/UEDPIE_0_My2DMap.My2DMap up for play (max tick rate 0) at 2015.04.06-16.49.43
[2015.04.06-23.49.43:425][159]LogWorld: Bringing up level for play took: 0.003128
[2015.04.06-23.49.43:428][159]PIE: Info Play in editor start time for /Game/UEDPIE_0_My2DMap 0.686
[2015.04.06-23.50.12:645][884]LogParticles: Destroying 0 GPU particle simulations for FXSystem 0x0000000039520F40
[2015.04.06-23.50.45:705][473]BlueprintLog: New page: Pre-PIE auto-recompile
[2015.04.06-23.50.45:721][473]LogPlayLevel: [PIE] Compiling MyCharacter before PIE...
[2015.04.06-23.50.45:869][473]LogPlayLevel: PIE:  Blueprint regeneration took 164 ms (1 blueprints)
[2015.04.06-23.50.45:869][473]PIE: New page: PIE session: My2DMap (Apr 6, 2015, 9:50:45 AM)
[2015.04.06-23.50.45:871][473]LogPlayLevel: PIE: StaticDuplicateObject took: (0.000928s)
[2015.04.06-23.50.45:871][473]LogPlayLevel: PIE: World Init took: (0.000487s)
[2015.04.06-23.50.45:871][473]LogPlayLevel: PIE: Created PIE world by copying editor world from /Game/My2DMap.My2DMap to /Game/UEDPIE_0_My2DMap.My2DMap (0.001555s)
[2015.04.06-23.50.45:907][473]LogWorld: Game class is 'PaperGameMode_C'
[2015.04.06-23.50.45:909][473]LogAIModule: Creating AISystem for world My2DMap
[2015.04.06-23.50.45:911][473]LogWorld: Bringing World /Game/UEDPIE_0_My2DMap.My2DMap up for play (max tick rate 0) at 2015.04.06-16.50.45
[2015.04.06-23.50.45:912][473]LogWorld: Bringing up level for play took: 0.002562
[2015.04.06-23.50.45:916][473]PIE: Info Play in editor start time for /Game/UEDPIE_0_My2DMap 1.175
[2015.04.06-23.50.58:762][320]LogParticles: Destroying 0 GPU particle simulations for FXSystem 0x0000000032C46980
[2015.04.06-23.52.02:074][244]BlueprintLog: New page: Pre-PIE auto-recompile
[2015.04.06-23.52.02:089][244]LogPlayLevel: [PIE] Compiling MyCharacter before PIE...
[2015.04.06-23.52.02:226][244]LogPlayLevel: PIE:  Blueprint regeneration took 152 ms (1 blueprints)
[2015.04.06-23.52.02:226][244]PIE: New page: PIE session: My2DMap (Apr 6, 2015, 9:52:02 AM)
[2015.04.06-23.52.02:228][244]LogPlayLevel: PIE: StaticDuplicateObject took: (0.000948s)
[2015.04.06-23.52.02:228][244]LogPlayLevel: PIE: World Init took: (0.000500s)
[2015.04.06-23.52.02:228][244]LogPlayLevel: PIE: Created PIE world by copying editor world from /Game/My2DMap.My2DMap to /Game/UEDPIE_0_My2DMap.My2DMap (0.001592s)
[2015.04.06-23.52.02:263][244]LogWorld: Game class is 'PaperGameMode_C'
[2015.04.06-23.52.02:265][244]LogAIModule: Creating AISystem for world My2DMap
[2015.04.06-23.52.02:268][244]LogWorld: Bringing World /Game/UEDPIE_0_My2DMap.My2DMap up for play (max tick rate 0) at 2015.04.06-16.52.02
[2015.04.06-23.52.02:268][244]LogWorld: Bringing up level for play took: 0.002845
[2015.04.06-23.52.02:270][244]PIE: Info Play in editor start time for /Game/UEDPIE_0_My2DMap -0.472
[2015.04.06-23.52.15:698][ 90]LogParticles: Destroying 0 GPU particle simulations for FXSystem 0x0000000020C66AC0
[2015.04.06-23.53.13:602][945]BlueprintLog: New page: Compile MyCharacter
[2015.04.06-23.53.13:739][945]BlueprintEditorCompileResults: Info [3187.03] Compile of MyCharacter successful! [in 136 ms]
[2015.04.06-23.53.18:568][168]LogEditorViewport: Clicking on Actor (LMB): Emitter (SplosionPart)
[2015.04.06-23.53.20:280][265]Cmd: DELETE
[2015.04.06-23.53.20:280][265]Cmd: ACTOR DELETE
[2015.04.06-23.53.20:281][265]LogEditorActor: Deleted Actor: Emitter
[2015.04.06-23.53.20:304][265]LogEditorActor: Deleted 1 Actors (0.024 secs)
[2015.04.06-23.53.21:242][324]LogPlayLevel: PIE:  No blueprints needed recompiling
[2015.04.06-23.53.21:243][324]PIE: New page: PIE session: My2DMap (Apr 6, 2015, 9:53:21 AM)
[2015.04.06-23.53.21:244][324]LogPlayLevel: PIE: StaticDuplicateObject took: (0.000842s)
[2015.04.06-23.53.21:244][324]LogPlayLevel: PIE: World Init took: (0.000478s)
[2015.04.06-23.53.21:244][324]LogPlayLevel: PIE: Created PIE world by copying editor world from /Game/My2DMap.My2DMap to /Game/UEDPIE_0_My2DMap.My2DMap (0.001451s)
[2015.04.06-23.53.21:276][324]LogWorld: Game class is 'PaperGameMode_C'
[2015.04.06-23.53.21:278][324]LogAIModule: Creating AISystem for world My2DMap
[2015.04.06-23.53.21:281][324]LogWorld: Bringing World /Game/UEDPIE_0_My2DMap.My2DMap up for play (max tick rate 0) at 2015.04.06-16.53.21
[2015.04.06-23.53.21:281][324]LogWorld: Bringing up level for play took: 0.003072
[2015.04.06-23.53.21:283][324]PIE: Info Play in editor start time for /Game/UEDPIE_0_My2DMap 0.54
[2015.04.06-23.53.44:023][864]LogParticles: Destroying 0 GPU particle simulations for FXSystem 0x0000000039130720
[2015.04.06-23.54.04:384][ 87]LogEditorViewport: Clicking on Actor (LMB): PaperSpriteActor (Platform2)
[2015.04.06-23.54.31:609][378]BlueprintLog: New page: Pre-PIE auto-recompile
[2015.04.06-23.54.31:626][378]LogPlayLevel: [PIE] Compiling MyCharacter before PIE...
[2015.04.06-23.54.31:758][378]LogPlayLevel: PIE:  Blueprint regeneration took 149 ms (1 blueprints)
[2015.04.06-23.54.31:759][378]PIE: New page: PIE session: My2DMap (Apr 6, 2015, 9:54:31 AM)
[2015.04.06-23.54.31:761][378]LogPlayLevel: PIE: StaticDuplicateObject took: (0.001118s)
[2015.04.06-23.54.31:761][378]LogPlayLevel: PIE: World Init took: (0.000783s)
[2015.04.06-23.54.31:762][378]LogPlayLevel: PIE: Created PIE world by copying editor world from /Game/My2DMap.My2DMap to /Game/UEDPIE_0_My2DMap.My2DMap (0.002143s)
[2015.04.06-23.54.31:797][378]LogWorld: Game class is 'PaperGameMode_C'
[2015.04.06-23.54.31:799][378]LogAIModule: Creating AISystem for world My2DMap
[2015.04.06-23.54.31:802][378]LogWorld: Bringing World /Game/UEDPIE_0_My2DMap.My2DMap up for play (max tick rate 0) at 2015.04.06-16.54.31
[2015.04.06-23.54.31:802][378]LogWorld: Bringing up level for play took: 0.002713
[2015.04.06-23.54.31:804][378]PIE: Info Play in editor start time for /Game/UEDPIE_0_My2DMap 1.06
[2015.04.06-23.54.54:902][137]LogParticles: Destroying 0 GPU particle simulations for FXSystem 0x00000000201D2660
[2015.04.06-23.55.12:679][ 35]LogContentBrowser:Verbose: The content browser source was changed by the sources view to '/Game/Particles'
[2015.04.06-23.55.14:378][118]LogPhysics:Warning: PHYSX: ..\..\PhysXExtensions\src\ExtRigidBodyExt.cpp (234) 4 : computeMassAndInertia: Dynamic actor with illegal collision shapes
[2015.04.06-23.55.14:378][118]LogPhysics:Warning: PHYSX: ..\..\PhysXExtensions\src\ExtRigidBodyExt.cpp (283) 4 : PxRigidBodyExt::updateMassAndInertia: Mass and inertia computation failed, setting mass to 1 and inertia to (1,1,1)
[2015.04.06-23.56.42:567][254]LogPlayLevel: PIE:  No blueprints needed recompiling
[2015.04.06-23.56.42:567][254]PIE: New page: PIE session: My2DMap (Apr 6, 2015, 9:56:42 AM)
[2015.04.06-23.56.42:568][254]LogPlayLevel: PIE: StaticDuplicateObject took: (0.000937s)
[2015.04.06-23.56.42:569][254]LogPlayLevel: PIE: World Init took: (0.000497s)
[2015.04.06-23.56.42:569][254]LogPlayLevel: PIE: Created PIE world by copying editor world from /Game/My2DMap.My2DMap to /Game/UEDPIE_0_My2DMap.My2DMap (0.001571s)
[2015.04.06-23.56.42:600][254]LogWorld: Game class is 'PaperGameMode_C'
[2015.04.06-23.56.42:602][254]LogAIModule: Creating AISystem for world My2DMap
[2015.04.06-23.56.42:604][254]LogWorld: Bringing World /Game/UEDPIE_0_My2DMap.My2DMap up for play (max tick rate 0) at 2015.04.06-16.56.42
[2015.04.06-23.56.42:605][254]LogWorld: Bringing up level for play took: 0.002939
[2015.04.06-23.56.42:607][254]PIE: Info Play in editor start time for /Game/UEDPIE_0_My2DMap -0.14
[2015.04.06-23.57.10:732][ 67]LogCharacterMovement: MyCharacter_C_7 is stuck and failed to move!
[2015.04.06-23.57.12:189][158]LogCharacterMovement: MyCharacter_C_7 is stuck and failed to move!
[2015.04.06-23.57.16:832][456]LogCharacterMovement: MyCharacter_C_7 is stuck and failed to move!
[2015.04.06-23.57.16:963][464]LogCharacterMovement: MyCharacter_C_7 is stuck and failed to move!
[2015.04.06-23.57.17:029][468]LogCharacterMovement: MyCharacter_C_7 is stuck and failed to move!
[2015.04.06-23.57.17:304][485]LogCharacterMovement: MyCharacter_C_7 is stuck and failed to move!
[2015.04.06-23.57.55:548][800]LogParticles: Destroying 0 GPU particle simulations for FXSystem 0x0000000033A9A980
[2015.04.06-23.58.47:341][306]LogEditorViewport: Clicking on Actor (LMB): PaperSpriteActor (2DBackground_Sprite)
[2015.04.06-23.58.50:031][406]BlueprintLog: New page: Pre-PIE auto-recompile
[2015.04.06-23.58.50:047][406]LogPlayLevel: [PIE] Compiling MyCharacter before PIE...
[2015.04.06-23.58.50:174][406]LogPlayLevel: PIE:  Blueprint regeneration took 143 ms (1 blueprints)
[2015.04.06-23.58.50:174][406]PIE: New page: PIE session: My2DMap (Apr 6, 2015, 9:58:50 AM)
[2015.04.06-23.58.50:176][406]LogPlayLevel: PIE: StaticDuplicateObject took: (0.000878s)
[2015.04.06-23.58.50:176][406]LogPlayLevel: PIE: World Init took: (0.000525s)
[2015.04.06-23.58.50:176][406]LogPlayLevel: PIE: Created PIE world by copying editor world from /Game/My2DMap.My2DMap to /Game/UEDPIE_0_My2DMap.My2DMap (0.001554s)
[2015.04.06-23.58.50:210][406]LogWorld: Game class is 'PaperGameMode_C'
[2015.04.06-23.58.50:212][406]LogAIModule: Creating AISystem for world My2DMap
[2015.04.06-23.58.50:215][406]LogWorld: Bringing World /Game/UEDPIE_0_My2DMap.My2DMap up for play (max tick rate 0) at 2015.04.06-16.58.50
[2015.04.06-23.58.50:216][406]LogWorld: Bringing up level for play took: 0.003321
[2015.04.06-23.58.50:218][406]PIE: Info Play in editor start time for /Game/UEDPIE_0_My2DMap -0.53
[2015.04.06-23.58.56:146][784]LogParticles: Destroying 0 GPU particle simulations for FXSystem 0x0000000033AF1760
[2015.04.06-23.59.35:438][913]BlueprintLog: New page: Compile MyCharacter
[2015.04.06-23.59.35:553][913]BlueprintEditorCompileResults: Info [3568.84] Compile of MyCharacter successful! [in 115 ms]
[2015.04.06-23.59.41:370][152]LogCascade: Quitting Cascade. FXSystem=0x00000000391339C0
[2015.04.06-23.59.43:508][252]LogParticles: Destroying 0 GPU particle simulations for FXSystem 0x00000000391339C0
[2015.04.06-23.59.43:714][252]Cmd: OBJ SAVEPACKAGE PACKAGE="/Game/My2DMap" FILE="../../../../../../Users/David/Documents/Unreal Projects/MyPaper2dGame/Content/My2DMap.umap" SILENT=true AUTOSAVING=false KEEPDIRTY=false
[2015.04.06-23.59.43:776][252]LogSavePackage: Save=18.260481ms
[2015.04.06-23.59.43:776][252]LogSavePackage: Moving '../../../../../../Users/David/Documents/Unreal Projects/MyPaper2dGame/Saved/My2DMap03E81DE841D3054A27F31195D3664EAA.tmp' to '../../../../../../Users/David/Documents/Unreal Projects/MyPaper2dGame/Content/My2DMap.umap'
[2015.04.06-23.59.43:814][252]LogFileHelpers: Saving map 'My2DMap' took 0.207
[2015.04.06-23.59.43:829][252]Cmd: OBJ SAVEPACKAGE PACKAGE="/Game/Particles/SplosionPart" FILE="../../../../../../Users/David/Documents/Unreal Projects/MyPaper2dGame/Content/Particles/SplosionPart.uasset" SILENT=true
[2015.04.06-23.59.43:864][252]LogSavePackage: Save=19.858181ms
[2015.04.06-23.59.43:864][252]LogSavePackage: Moving '../../../../../../Users/David/Documents/Unreal Projects/MyPaper2dGame/Saved/SplosionPart2FC59E584BD1CE67B052AB92F20E4089.tmp' to '../../../../../../Users/David/Documents/Unreal Projects/MyPaper2dGame/Content/Particles/SplosionPart.uasset'
[2015.04.06-23.59.43:874][252]Cmd: OBJ SAVEPACKAGE PACKAGE="/Game/Blueprints/MyCharacter" FILE="../../../../../../Users/David/Documents/Unreal Projects/MyPaper2dGame/Content/Blueprints/MyCharacter.uasset" SILENT=true
[2015.04.06-23.59.44:023][252]LogSavePackage: Save=133.018753ms
[2015.04.06-23.59.44:023][252]LogSavePackage: Moving '../../../../../../Users/David/Documents/Unreal Projects/MyPaper2dGame/Saved/MyCharacterC6EE1BFA4839C2DAE6AD6EA1AE35ED4D.tmp' to '../../../../../../Users/David/Documents/Unreal Projects/MyPaper2dGame/Content/Blueprints/MyCharacter.uasset'
[2015.04.06-23.59.44:978][300]LogPlayLevel: PIE:  No blueprints needed recompiling
[2015.04.06-23.59.44:978][300]PIE: New page: PIE session: My2DMap (Apr 6, 2015, 9:59:44 AM)
[2015.04.06-23.59.44:980][300]LogPlayLevel: PIE: StaticDuplicateObject took: (0.000869s)
[2015.04.06-23.59.44:980][300]LogPlayLevel: PIE: World Init took: (0.000464s)
[2015.04.06-23.59.44:980][300]LogPlayLevel: PIE: Created PIE world by copying editor world from /Game/My2DMap.My2DMap to /Game/UEDPIE_0_My2DMap.My2DMap (0.001466s)
[2015.04.06-23.59.45:019][300]LogWorld: Game class is 'PaperGameMode_C'
[2015.04.06-23.59.45:020][300]LogAIModule: Creating AISystem for world My2DMap
[2015.04.06-23.59.45:023][300]LogWorld: Bringing World /Game/UEDPIE_0_My2DMap.My2DMap up for play (max tick rate 0) at 2015.04.06-16.59.45
[2015.04.06-23.59.45:024][300]LogWorld: Bringing up level for play took: 0.002932
[2015.04.06-23.59.45:026][300]PIE: Info Play in editor start time for /Game/UEDPIE_0_My2DMap 0.277
[2015.04.06-23.59.55:373][984]LogParticles: Destroying 0 GPU particle simulations for FXSystem 0x000000002D319800
[2015.04.07-00.00.58:538][345]LogContentBrowser:Verbose: The content browser source was changed by the sources view to '/Game/Materials'
[2015.04.07-00.00.59:061][376]LogContentBrowser:Verbose: The content browser source was changed by the sources view to '/Game/Data'
[2015.04.07-00.00.59:563][408]LogContentBrowser:Verbose: The content browser source was changed by the sources view to '/Game/Blueprints'
[2015.04.07-00.01.07:372][862]LogContentBrowser:Verbose: The content browser source was changed by the sources view to '/Game/Sprites/IdleAnim'
[2015.04.07-00.01.08:634][938]LogContentBrowser:Verbose: The content browser source was changed by the sources view to '/Game/Sprites/RunAnim'
[2015.04.07-00.01.09:470][986]LogContentBrowser:Verbose: The content browser source was changed by the sources view to '/Game/Sprites'
[2015.04.07-00.01.14:123][205]LogRenderer:Warning: Reallocating scene render targets to support 1528x928 (Frame:262516).
[2015.04.07-00.01.58:054][433]Cmd: OBJ SAVEPACKAGE PACKAGE="/Game/Sprites/Run_anim" FILE="../../../../../../Users/David/Documents/Unreal Projects/MyPaper2dGame/Content/Sprites/Run_anim.uasset" SILENT=true
[2015.04.07-00.01.58:115][433]LogSavePackage: Save=43.472321ms
[2015.04.07-00.01.58:115][433]LogSavePackage: Moving '../../../../../../Users/David/Documents/Unreal Projects/MyPaper2dGame/Saved/Run_animF02E225D48181EB3A116EABCF8B98AB5.tmp' to '../../../../../../Users/David/Documents/Unreal Projects/MyPaper2dGame/Content/Sprites/Run_anim.uasset'
[2015.04.07-00.02.13:674][687]Cmd: OBJ SAVEPACKAGE PACKAGE="/Game/Sprites/Jump_1" FILE="../../../../../../Users/David/Documents/Unreal Projects/MyPaper2dGame/Content/Sprites/Jump_1.uasset" SILENT=true
[2015.04.07-00.02.13:746][687]LogSavePackage: Save=47.924290ms
[2015.04.07-00.02.13:746][687]LogSavePackage: Moving '../../../../../../Users/David/Documents/Unreal Projects/MyPaper2dGame/Saved/Jump_1FF16FA6E44ABF5430650B28781368109.tmp' to '../../../../../../Users/David/Documents/Unreal Projects/MyPaper2dGame/Content/Sprites/Jump_1.uasset'
[2015.04.07-00.02.24:355][542]LogParticles: Destroying 0 GPU particle simulations for FXSystem 0x0000000026DA0860
[2015.04.07-00.02.24:355][542]LogParticles: Destroying 0 GPU particle simulations for FXSystem 0x000000002F3039C0
[2015.04.07-00.02.24:355][542]LogParticles: Destroying 0 GPU particle simulations for FXSystem 0x0000000024932F20
[2015.04.07-00.02.24:442][542]Cmd: OBJ SAVEPACKAGE PACKAGE="/Game/Sprites/Idle_anim" FILE="../../../../../../Users/David/Documents/Unreal Projects/MyPaper2dGame/Content/Sprites/Idle_anim.uasset" SILENT=true
[2015.04.07-00.02.24:498][542]LogSavePackage: Save=38.361786ms
[2015.04.07-00.02.24:498][542]LogSavePackage: Moving '../../../../../../Users/David/Documents/Unreal Projects/MyPaper2dGame/Saved/Idle_anim80F75DD24AC44FB800C6AC8A87599CCA.tmp' to '../../../../../../Users/David/Documents/Unreal Projects/MyPaper2dGame/Content/Sprites/Idle_anim.uasset'
[2015.04.07-00.02.46:437][723]BlueprintLog: New page: Compile MyCharacter
[2015.04.07-00.02.46:559][723]BlueprintEditorCompileResults: Info [3759.84] Compile of MyCharacter successful! [in 121 ms]
[2015.04.07-00.02.48:415][805]LogPlayLevel: PIE:  No blueprints needed recompiling
[2015.04.07-00.02.48:416][805]PIE: New page: PIE session: My2DMap (Apr 6, 2015, 10:02:48 AM)
[2015.04.07-00.02.48:417][805]LogPlayLevel: PIE: StaticDuplicateObject took: (0.000862s)
[2015.04.07-00.02.48:417][805]LogPlayLevel: PIE: World Init took: (0.000439s)
[2015.04.07-00.02.48:417][805]LogPlayLevel: PIE: Created PIE world by copying editor world from /Game/My2DMap.My2DMap to /Game/UEDPIE_0_My2DMap.My2DMap (0.001432s)
[2015.04.07-00.02.48:450][805]LogWorld: Game class is 'PaperGameMode_C'
[2015.04.07-00.02.48:452][805]LogAIModule: Creating AISystem for world My2DMap
[2015.04.07-00.02.48:454][805]LogWorld: Bringing World /Game/UEDPIE_0_My2DMap.My2DMap up for play (max tick rate 0) at 2015.04.06-17.02.48
[2015.04.07-00.02.48:455][805]LogWorld: Bringing up level for play took: 0.002921
[2015.04.07-00.02.48:457][805]PIE: Info Play in editor start time for /Game/UEDPIE_0_My2DMap -0.293
[2015.04.07-00.03.06:478][ 60]LogParticles: Destroying 0 GPU particle simulations for FXSystem 0x0000000036C2DDA0
[2015.04.07-00.03.18:121][546]LogContentBrowser:Verbose: The content browser source was changed by the sources view to '/Game/Blueprints'
[2015.04.07-00.03.23:287][844]Cmd: OBJ SAVEPACKAGE PACKAGE="/Game/Blueprints/MyCharacter" FILE="../../../../../../Users/David/Documents/Unreal Projects/MyPaper2dGame/Content/Blueprints/MyCharacter.uasset" SILENT=true
[2015.04.07-00.03.23:480][844]LogSavePackage: Save=159.404648ms
[2015.04.07-00.03.23:480][844]LogSavePackage: Moving '../../../../../../Users/David/Documents/Unreal Projects/MyPaper2dGame/Saved/MyCharacterD05144964015BE2D1E4201A92CB6C9A0.tmp' to '../../../../../../Users/David/Documents/Unreal Projects/MyPaper2dGame/Content/Blueprints/MyCharacter.uasset'
[2015.04.07-00.04.25:112][299]BlueprintLog: New page: Pre-PIE auto-recompile
[2015.04.07-00.04.25:125][299]LogPlayLevel: [PIE] Compiling MyCharacter before PIE...
[2015.04.07-00.04.25:243][299]LogPlayLevel: PIE:  Blueprint regeneration took 131 ms (1 blueprints)
[2015.04.07-00.04.25:243][299]PIE: New page: PIE session: My2DMap (Apr 6, 2015, 10:04:25 AM)
[2015.04.07-00.04.25:245][299]LogPlayLevel: PIE: StaticDuplicateObject took: (0.000910s)
[2015.04.07-00.04.25:245][299]LogPlayLevel: PIE: World Init took: (0.000591s)
[2015.04.07-00.04.25:245][299]LogPlayLevel: PIE: Created PIE world by copying editor world from /Game/My2DMap.My2DMap to /Game/UEDPIE_0_My2DMap.My2DMap (0.001652s)
[2015.04.07-00.04.25:279][299]LogWorld: Game class is 'PaperGameMode_C'
[2015.04.07-00.04.25:281][299]LogAIModule: Creating AISystem for world My2DMap
[2015.04.07-00.04.25:284][299]LogWorld: Bringing World /Game/UEDPIE_0_My2DMap.My2DMap up for play (max tick rate 0) at 2015.04.06-17.04.25
[2015.04.07-00.04.25:284][299]LogWorld: Bringing up level for play took: 0.002850
[2015.04.07-00.04.25:286][299]PIE: Info Play in editor start time for /Game/UEDPIE_0_My2DMap 0.534
[2015.04.07-00.04.29:229][592]LogParticles: Destroying 0 GPU particle simulations for FXSystem 0x000000002D31B880
[2015.04.07-00.04.48:814][662]BlueprintLog: New page: Compile MyCharacter
[2015.04.07-00.04.48:933][662]BlueprintEditorCompileResults: Info [3882.22] Compile of MyCharacter successful! [in 119 ms]
[2015.04.07-00.04.51:269][751]LogPlayLevel: PIE:  No blueprints needed recompiling
[2015.04.07-00.04.51:269][751]PIE: New page: PIE session: My2DMap (Apr 6, 2015, 10:04:51 AM)
[2015.04.07-00.04.51:270][751]LogPlayLevel: PIE: StaticDuplicateObject took: (0.000827s)
[2015.04.07-00.04.51:271][751]LogPlayLevel: PIE: World Init took: (0.000572s)
[2015.04.07-00.04.51:271][751]LogPlayLevel: PIE: Created PIE world by copying editor world from /Game/My2DMap.My2DMap to /Game/UEDPIE_0_My2DMap.My2DMap (0.001552s)
[2015.04.07-00.04.51:305][751]LogWorld: Game class is 'PaperGameMode_C'
[2015.04.07-00.04.51:307][751]LogAIModule: Creating AISystem for world My2DMap
[2015.04.07-00.04.51:309][751]LogWorld: Bringing World /Game/UEDPIE_0_My2DMap.My2DMap up for play (max tick rate 0) at 2015.04.06-17.04.51
[2015.04.07-00.04.51:310][751]LogWorld: Bringing up level for play took: 0.002903
[2015.04.07-00.04.51:312][751]PIE: Info Play in editor start time for /Game/UEDPIE_0_My2DMap 0.56
[2015.04.07-00.05.42:507][457]LogParticles: Destroying 0 GPU particle simulations for FXSystem 0x0000000033A991C0
[2015.04.07-00.06.44:836][729]Cmd: OBJ SAVEPACKAGE PACKAGE="/Game/Blueprints/MyCharacter" FILE="../../../../../../Users/David/Documents/Unreal Projects/MyPaper2dGame/Content/Blueprints/MyCharacter.uasset" SILENT=true
[2015.04.07-00.06.45:013][729]LogSavePackage: Save=145.402466ms
[2015.04.07-00.06.45:013][729]LogSavePackage: Moving '../../../../../../Users/David/Documents/Unreal Projects/MyPaper2dGame/Saved/MyCharacterFF1DDE8448E754519ABFD6B18DD345FF.tmp' to '../../../../../../Users/David/Documents/Unreal Projects/MyPaper2dGame/Content/Blueprints/MyCharacter.uasset'
[2015.04.07-00.06.47:424][875]BlueprintLog: New page: Compile MyCharacter
[2015.04.07-00.06.47:546][875]BlueprintEditorCompileResults: Info [4000.83] Compile of MyCharacter successful! [in 121 ms]
[2015.04.07-00.06.55:805][257]LogContentBrowser:Verbose: The content browser source was changed by the sources view to '/Game/Sprites/IdleAnim'
[2015.04.07-00.07.06:079][544]LogRenderer:Warning: Reallocating scene render targets to support 1528x1040 (Frame:284889).
[2015.04.07-00.11.01:458][545]LogPlayLevel: PIE:  No blueprints needed recompiling
[2015.04.07-00.11.01:458][545]PIE: New page: PIE session: My2DMap (Apr 6, 2015, 10:11:01 AM)
[2015.04.07-00.11.01:459][545]LogPlayLevel: PIE: StaticDuplicateObject took: (0.000998s)
[2015.04.07-00.11.01:460][545]LogPlayLevel: PIE: World Init took: (0.000511s)
[2015.04.07-00.11.01:460][545]LogPlayLevel: PIE: Created PIE world by copying editor world from /Game/My2DMap.My2DMap to /Game/UEDPIE_0_My2DMap.My2DMap (0.001645s)
[2015.04.07-00.11.01:492][545]LogWorld: Game class is 'PaperGameMode_C'
[2015.04.07-00.11.01:494][545]LogAIModule: Creating AISystem for world My2DMap
[2015.04.07-00.11.01:496][545]LogWorld: Bringing World /Game/UEDPIE_0_My2DMap.My2DMap up for play (max tick rate 0) at 2015.04.06-17.11.01
[2015.04.07-00.11.01:497][545]LogWorld: Bringing up level for play took: 0.002926
[2015.04.07-00.11.01:499][545]PIE: Info Play in editor start time for /Game/UEDPIE_0_My2DMap 0.741
[2015.04.07-00.11.27:506][108]LogCharacterMovement: MyCharacter_C_18 is stuck and failed to move!
[2015.04.07-00.12.01:452][154]LogParticles: Destroying 0 GPU particle simulations for FXSystem 0x0000000039132340
[2015.04.07-00.12.12:369][805]LogParticles: Destroying 0 GPU particle simulations for FXSystem 0x000000002D3054E0
[2015.04.07-00.12.22:535][ 86]LogFileHelpers: Editor autosave (incl. sublevels) for '/Game/My2DMap' took 0.017
[2015.04.07-00.12.22:582][ 86]OBJ SavePackage: Generating thumbnails for [0] asset(s) in package [/Game/Blueprints/MyCharacter] ([1] browsable assets)...
[2015.04.07-00.12.22:614][ 86]OBJ SavePackage: Finished generating thumbnails for package [/Game/Blueprints/MyCharacter]
[2015.04.07-00.12.22:891][ 86]LogSavePackage: Save=221.971848ms
[2015.04.07-00.12.22:892][ 86]LogSavePackage: Moving '../../../../../../Users/David/Documents/Unreal Projects/MyPaper2dGame/Saved/MyCharacter_Auto53288D9E7453269D6C5526F98C23183E1.tmp' to '../../../../../../Users/David/Documents/Unreal Projects/MyPaper2dGame/Saved/Autosaves/Game/Blueprints/MyCharacter_Auto5.uasset'
[2015.04.07-00.12.22:898][ 86]LogFileHelpers: Auto-saving content packages took 0.363
[2015.04.07-00.14.18:159][332]BlueprintLog: New page: Compile MyCharacter
[2015.04.07-00.14.18:274][332]BlueprintEditorCompileResults: Info [4451.55] Compile of MyCharacter successful! [in 114 ms]
[2015.04.07-00.14.21:476][568]LogParticles: Destroying 0 GPU particle simulations for FXSystem 0x000000000D0E4540
[2015.04.07-00.14.24:808][678]Cmd: OBJ SAVEPACKAGE PACKAGE="/Game/Blueprints/MyCharacter" FILE="../../../../../../Users/David/Documents/Unreal Projects/MyPaper2dGame/Content/Blueprints/MyCharacter.uasset" SILENT=true
[2015.04.07-00.14.24:956][678]LogSavePackage: Save=131.128769ms
[2015.04.07-00.14.24:956][678]LogSavePackage: Moving '../../../../../../Users/David/Documents/Unreal Projects/MyPaper2dGame/Saved/MyCharacter663F2E974776C100BC0D228B1FADB226.tmp' to '../../../../../../Users/David/Documents/Unreal Projects/MyPaper2dGame/Content/Blueprints/MyCharacter.uasset'
[2015.04.07-00.14.26:729][794]Cmd: QUIT_EDITOR
[2015.04.07-00.14.26:955][794]LogExit: Preparing to exit.
[2015.04.07-00.14.27:362][794]LogExit: Editor shut down
[2015.04.07-00.14.27:362][794]LogExit: Transaction tracking system shut down
[2015.04.07-00.14.27:363][794]LogParticles: Destroying 0 GPU particle simulations for FXSystem 0x000000000E3B7740
[2015.04.07-00.14.27:363][794]LogParticles: Destroying 0 GPU particle simulations for FXSystem 0x000000000D2E9260
[2015.04.07-00.14.27:363][794]LogParticles: Destroying 0 GPU particle simulations for FXSystem 0x000000001E309D00
[2015.04.07-00.14.27:363][794]LogParticles: Destroying 0 GPU particle simulations for FXSystem 0x0000000020A319E0
[2015.04.07-00.14.27:447][794]LogExit: Object subsystem successfully closed.
[2015.04.07-00.14.27:489][794]LogModuleManager: Shutting down and abandoning module DistCurveEditor (179)
[2015.04.07-00.14.27:489][794]LogModuleManager: Shutting down and abandoning module Cascade (178)
[2015.04.07-00.14.27:489][794]LogModuleManager: Shutting down and abandoning module CrashTracker (177)
[2015.04.07-00.14.27:489][794]LogModuleManager: Shutting down and abandoning module SuperSearch (176)
[2015.04.07-00.14.27:489][794]LogModuleManager: Shutting down and abandoning module SceneOutliner (175)
[2015.04.07-00.14.27:489][794]LogModuleManager: Shutting down and abandoning module EditorWidgets (174)
[2015.04.07-00.14.27:489][794]LogModuleManager: Shutting down and abandoning module CollectionManager (173)
[2015.04.07-00.14.27:489][794]LogModuleManager: Shutting down and abandoning module StatsViewer (172)
[2015.04.07-00.14.27:490][794]LogModuleManager: Shutting down and abandoning module FoliageEdit (171)
[2015.04.07-00.14.27:490][794]LogModuleManager: Shutting down and abandoning module LandscapeEditor (170)
[2015.04.07-00.14.27:490][794]LogModuleManager: Shutting down and abandoning module MeshPaint (169)
[2015.04.07-00.14.27:490][794]LogModuleManager: Shutting down and abandoning module ActorPickerMode (168)
[2015.04.07-00.14.27:490][794]LogModuleManager: Shutting down and abandoning module GeometryMode (167)
[2015.04.07-00.14.27:490][794]LogModuleManager: Shutting down and abandoning module TextureAlignMode (166)
[2015.04.07-00.14.27:490][794]LogModuleManager: Shutting down and abandoning module BspMode (165)
[2015.04.07-00.14.27:490][794]LogModuleManager: Shutting down and abandoning module PlacementMode (164)
[2015.04.07-00.14.27:490][794]LogModuleManager: Shutting down and abandoning module AutomationWorker (163)
[2015.04.07-00.14.27:490][794]LogModuleManager: Shutting down and abandoning module CharacterAI (162)
[2015.04.07-00.14.27:490][794]LogModuleManager: Shutting down and abandoning module SmartSnapping (161)
[2015.04.07-00.14.27:490][794]LogModuleManager: Shutting down and abandoning module ViewportSnapping (160)
[2015.04.07-00.14.27:490][794]LogModuleManager: Shutting down and abandoning module LogVisualizer (159)
[2015.04.07-00.14.27:490][794]LogModuleManager: Shutting down and abandoning module GameProjectGeneration (158)
[2015.04.07-00.14.27:490][794]LogModuleManager: Shutting down and abandoning module IntroTutorials (157)
[2015.04.07-00.14.27:490][794]LogModuleManager: Shutting down and abandoning module EditorLiveStreaming (156)
[2015.04.07-00.14.27:490][794]LogModuleManager: Shutting down and abandoning module HardwareTargeting (155)
[2015.04.07-00.14.27:490][794]LogModuleManager: Shutting down and abandoning module DeviceProfileEditor (154)
[2015.04.07-00.14.27:490][794]LogModuleManager: Shutting down and abandoning module UndoHistory (153)
[2015.04.07-00.14.27:490][794]LogModuleManager: Shutting down and abandoning module GameplayTagsEditor (152)
[2015.04.07-00.14.27:490][794]LogModuleManager: Shutting down and abandoning module UserFeedback (151)
[2015.04.07-00.14.27:490][794]LogModuleManager: Shutting down and abandoning module XmlParser (150)
[2015.04.07-00.14.27:490][794]LogModuleManager: Shutting down and abandoning module Blutility (149)
[2015.04.07-00.14.27:490][794]LogModuleManager: Shutting down and abandoning module IOSPlatformEditor (148)
[2015.04.07-00.14.27:490][794]LogModuleManager: Shutting down and abandoning module IOSRuntimeSettings (147)
[2015.04.07-00.14.27:490][794]LogModuleManager: Shutting down and abandoning module AndroidDeviceDetection (146)
[2015.04.07-00.14.28:212][794]LogModuleManager: Shutting down and abandoning module AndroidPlatformEditor (145)
[2015.04.07-00.14.28:212][794]LogModuleManager: Shutting down and abandoning module AndroidRuntimeSettings (144)
[2015.04.07-00.14.28:212][794]LogModuleManager: Shutting down and abandoning module ProjectTargetPlatformEditor (143)
[2015.04.07-00.14.28:212][794]LogModuleManager: Shutting down and abandoning module ProjectSettingsViewer (142)
[2015.04.07-00.14.28:213][794]LogModuleManager: Shutting down and abandoning module InputBindingEditor (141)
[2015.04.07-00.14.28:213][794]LogModuleManager: Shutting down and abandoning module EditorSettingsViewer (140)
[2015.04.07-00.14.28:213][794]LogModuleManager: Shutting down and abandoning module SettingsEditor (139)
[2015.04.07-00.14.28:213][794]LogModuleManager: Shutting down and abandoning module ProjectLauncher (138)
[2015.04.07-00.14.28:213][794]LogModuleManager: Shutting down and abandoning module SessionFrontend (137)
[2015.04.07-00.14.28:213][794]LogModuleManager: Shutting down and abandoning module ProfilerClient (136)
[2015.04.07-00.14.28:213][794]LogModuleManager: Shutting down and abandoning module TargetDeviceServices (135)
[2015.04.07-00.14.28:213][794]LogModuleManager: Shutting down and abandoning module DeviceManager (134)
[2015.04.07-00.14.28:213][794]LogModuleManager: Shutting down and abandoning module AutomationController (133)
[2015.04.07-00.14.28:213][794]LogModuleManager: Shutting down and abandoning module AutomationWindow (132)
[2015.04.07-00.14.28:213][794]LogModuleManager: Shutting down and abandoning module Layers (131)
[2015.04.07-00.14.28:213][794]LogModuleManager: Shutting down and abandoning module ComponentVisualizers (130)
[2015.04.07-00.14.28:213][794]LogModuleManager: Shutting down and abandoning module DetailCustomizations (129)
[2015.04.07-00.14.28:213][794]LogModuleManager: Shutting down and abandoning module PackagesDialog (128)
[2015.04.07-00.14.28:213][794]LogModuleManager: Shutting down and abandoning module AssetRegistry (127)
[2015.04.07-00.14.28:294][794]LogModuleManager: Shutting down and abandoning module Persona (126)
[2015.04.07-00.14.28:294][794]LogModuleManager: Shutting down and abandoning module SlateReflector (125)
[2015.04.07-00.14.28:294][794]LogModuleManager: Shutting down and abandoning module LevelEditor (124)
[2015.04.07-00.14.28:296][794]LogModuleManager: Shutting down and abandoning module Kismet (123)
[2015.04.07-00.14.28:296][794]LogModuleManager: Shutting down and abandoning module GraphEditor (122)
[2015.04.07-00.14.28:296][794]LogModuleManager: Shutting down and abandoning module ClassViewer (121)
[2015.04.07-00.14.28:296][794]LogModuleManager: Shutting down and abandoning module Toolbox (120)
[2015.04.07-00.14.28:296][794]LogModuleManager: Shutting down and abandoning module ModuleUI (119)
[2015.04.07-00.14.28:296][794]LogModuleManager: Shutting down and abandoning module MovieSceneTools (118)
[2015.04.07-00.14.28:296][794]LogModuleManager: Shutting down and abandoning module OutputLog (117)
[2015.04.07-00.14.28:296][794]LogModuleManager: Shutting down and abandoning module GammaUI (116)
[2015.04.07-00.14.28:296][794]LogModuleManager: Shutting down and abandoning module Documentation (115)
[2015.04.07-00.14.28:296][794]LogModuleManager: Shutting down and abandoning module GameLiveStreaming (114)
[2015.04.07-00.14.28:296][794]LogModuleManager: Shutting down and abandoning module StreamingPauseRendering (113)
[2015.04.07-00.14.28:296][794]LogModuleManager: Shutting down and abandoning module HTTP (112)
[2015.04.07-00.14.28:296][794]LogModuleManager: Shutting down and abandoning module AnalyticsET (111)
[2015.04.07-00.14.28:296][794]LogModuleManager: Shutting down and abandoning module Analytics (110)
[2015.04.07-00.14.28:296][794]LogModuleManager: Shutting down and abandoning module AITestSuite (109)
[2015.04.07-00.14.28:296][794]LogModuleManager: Shutting down and abandoning module GameplayDebugger (108)
[2015.04.07-00.14.28:296][794]LogModuleManager: Shutting down and abandoning module AIModule (107)
[2015.04.07-00.14.28:296][794]LogModuleManager: Shutting down and abandoning module ProfilerService (106)
[2015.04.07-00.14.28:402][794]LogModuleManager: Shutting down and abandoning module TaskGraph (105)
[2015.04.07-00.14.28:402][794]LogModuleManager: Shutting down and abandoning module SlateRemote (104)
[2015.04.07-00.14.28:402][794]LogModuleManager: Shutting down and abandoning module ScriptEditorPlugin (103)
[2015.04.07-00.14.28:402][794]LogModuleManager: Shutting down and abandoning module CustomMeshComponent (102)
[2015.04.07-00.14.28:402][794]LogModuleManager: Shutting down and abandoning module CableComponent (101)
[2015.04.07-00.14.28:402][794]LogModuleManager: Shutting down and abandoning module MessagingDebugger (100)
[2015.04.07-00.14.28:402][794]LogModuleManager: Shutting down and abandoning module MediaPlayerEditor (99)
[2015.04.07-00.14.28:402][794]LogModuleManager: Shutting down and abandoning module SpeedTreeImporter (98)
[2015.04.07-00.14.28:402][794]LogModuleManager: Shutting down and abandoning module PluginsEditor (97)
[2015.04.07-00.14.28:402][794]LogModuleManager: Shutting down and abandoning module MainFrame (96)
[2015.04.07-00.14.28:402][794]LogModuleManager: Shutting down and abandoning module EpicSurvey (95)
[2015.04.07-00.14.28:402][794]LogModuleManager: Shutting down and abandoning module DesktopPlatform (94)
[2015.04.07-00.14.28:402][794]LogModuleManager: Shutting down and abandoning module DirectoryWatcher (93)
[2015.04.07-00.14.28:402][794]LogModuleManager: Shutting down and abandoning module HotReload (92)
[2015.04.07-00.14.28:402][794]LogModuleManager: Shutting down and abandoning module VisualStudioSourceCodeAccess (91)
[2015.04.07-00.14.28:402][794]LogModuleManager: Shutting down and abandoning module UObjectPlugin (90)
[2015.04.07-00.14.28:402][794]LogModuleManager: Shutting down and abandoning module SubversionSourceControl (89)
[2015.04.07-00.14.28:402][794]LogModuleManager: Shutting down and abandoning module PerforceSourceControl (88)
[2015.04.07-00.14.28:402][794]LogModuleManager: Shutting down and abandoning module SourceControl (87)
[2015.04.07-00.14.28:402][794]LogModuleManager: Shutting down and abandoning module GitSourceControl (86)
[2015.04.07-00.14.28:402][794]LogModuleManager: Shutting down and abandoning module BlankPlugin (85)
[2015.04.07-00.14.28:402][794]LogModuleManager: Shutting down and abandoning module PaperTiledImporter (84)
[2015.04.07-00.14.28:402][794]LogModuleManager: Shutting down and abandoning module PaperJsonImporter (83)
[2015.04.07-00.14.28:402][794]LogModuleManager: Shutting down and abandoning module ContentBrowser (82)
[2015.04.07-00.14.28:403][794]LogModuleManager: Shutting down and abandoning module Paper2DEditor (81)
[2015.04.07-00.14.28:403][794]LogModuleManager: Shutting down and abandoning module ScriptPlugin (80)
[2015.04.07-00.14.28:403][794]LogModuleManager: Shutting down and abandoning module UdpMessaging (79)
[2015.04.07-00.14.28:503][794]LogModuleManager: Shutting down and abandoning module Paper2D (78)
[2015.04.07-00.14.28:503][794]LogModuleManager: Shutting down and abandoning module WindowsMoviePlayer (77)
[2015.04.07-00.14.28:505][794]LogModuleManager: Shutting down and abandoning module Media (76)
[2015.04.07-00.14.28:505][794]LogModuleManager: Shutting down and abandoning module WmfMedia (75)
[2015.04.07-00.14.28:505][794]LogModuleManager: Shutting down and abandoning module OnlineBlueprintSupport (74)
[2015.04.07-00.14.28:505][794]LogModuleManager: Shutting down and abandoning module PropertyEditor (73)
[2015.04.07-00.14.28:505][794]LogModuleManager: Shutting down and abandoning module BehaviorTreeEditor (72)
[2015.04.07-00.14.28:505][794]LogModuleManager: Shutting down and abandoning module FunctionalTesting (71)
[2015.04.07-00.14.28:505][794]LogModuleManager: Shutting down and abandoning module CollisionAnalyzer (70)
[2015.04.07-00.14.28:505][794]LogModuleManager: Shutting down and abandoning module WorkspaceMenuStructure (69)
[2015.04.07-00.14.28:505][794]LogModuleManager: Shutting down and abandoning module MessageLog (68)
[2015.04.07-00.14.28:505][794]LogModuleManager: Shutting down and abandoning module Sequencer (67)
[2015.04.07-00.14.28:505][794]LogModuleManager: Shutting down and abandoning module AssetTools (66)
[2015.04.07-00.14.28:505][794]LogModuleManager: Shutting down and abandoning module UMGEditor (65)
[2015.04.07-00.14.28:505][794]LogModuleManager: Shutting down and abandoning module UMG (64)
[2015.04.07-00.14.28:505][794]LogModuleManager: Shutting down and abandoning module Slate (63)
[2015.04.07-00.14.28:505][794]LogModuleManager: Shutting down and abandoning module EditorStyle (62)
[2015.04.07-00.14.28:509][794]LogModuleManager: Shutting down and abandoning module SessionServices (61)
[2015.04.07-00.14.28:509][794]LogModuleManager: Shutting down and abandoning module SourceCodeAccess (60)
[2015.04.07-00.14.28:509][794]LogModuleManager: Shutting down and abandoning module HeadMountedDisplay (59)
[2015.04.07-00.14.28:509][794]LogModuleManager: Shutting down and abandoning module XAudio2 (58)
[2015.04.07-00.14.28:509][794]LogModuleManager: Shutting down and abandoning module Networking (56)
[2015.04.07-00.14.28:509][794]LogModuleManager: Shutting down and abandoning module Core (55)
[2015.04.07-00.14.28:509][794]LogModuleManager: Shutting down and abandoning module KismetCompiler (54)
[2015.04.07-00.14.28:509][794]LogModuleManager: Shutting down and abandoning module PhysXFormats (53)
[2015.04.07-00.14.28:509][794]LogModuleManager: Shutting down and abandoning module MeshUtilities (52)
[2015.04.07-00.14.28:509][794]LogModuleManager: Shutting down and abandoning module DerivedDataCache (51)
[2015.04.07-00.14.28:600][794]LogDerivedDataCache: Shutdown
[2015.04.07-00.14.28:600][794]LogModuleManager: Shutting down and abandoning module ShaderFormatOpenGL (50)
[2015.04.07-00.14.28:600][794]LogModuleManager: Shutting down and abandoning module ShaderFormatD3D (49)
[2015.04.07-00.14.28:600][794]LogModuleManager: Shutting down and abandoning module MetalShaderFormat (48)
[2015.04.07-00.14.28:600][794]LogModuleManager: Shutting down and abandoning module TextureFormatUncompressed (47)
[2015.04.07-00.14.28:600][794]LogModuleManager: Shutting down and abandoning module TextureFormatPVR (46)
[2015.04.07-00.14.28:600][794]LogModuleManager: Shutting down and abandoning module TextureFormatIntelISPCTexComp (45)
[2015.04.07-00.14.28:600][794]LogModuleManager: Shutting down and abandoning module TextureFormatDXT (44)
[2015.04.07-00.14.28:600][794]LogModuleManager: Shutting down and abandoning module ImageWrapper (43)
[2015.04.07-00.14.28:600][794]LogModuleManager: Shutting down and abandoning module TextureFormatASTC (42)
[2015.04.07-00.14.28:600][794]LogModuleManager: Shutting down and abandoning module TextureFormatAndroid (41)
[2015.04.07-00.14.28:600][794]LogModuleManager: Shutting down and abandoning module AudioFormatOpus (40)
[2015.04.07-00.14.28:600][794]LogModuleManager: Shutting down and abandoning module AudioFormatOgg (39)
[2015.04.07-00.14.28:600][794]LogModuleManager: Shutting down and abandoning module AudioFormatADPCM (38)
[2015.04.07-00.14.28:600][794]LogModuleManager: Shutting down and abandoning module LinuxTargetPlatform (37)
[2015.04.07-00.14.28:600][794]LogModuleManager: Shutting down and abandoning module LinuxServerTargetPlatform (36)
[2015.04.07-00.14.28:600][794]LogModuleManager: Shutting down and abandoning module LinuxNoEditorTargetPlatform (35)
[2015.04.07-00.14.28:600][794]LogModuleManager: Shutting down and abandoning module Messaging (34)
[2015.04.07-00.14.28:600][794]LogModuleManager: Shutting down and abandoning module IOSTargetPlatform (33)
[2015.04.07-00.14.28:600][794]LogModuleManager: Shutting down and abandoning module HTML5TargetPlatform (32)
[2015.04.07-00.14.28:600][794]LogModuleManager: Shutting down and abandoning module Android_PVRTCTargetPlatform (31)
[2015.04.07-00.14.28:600][794]LogModuleManager: Shutting down and abandoning module Android_ETC2TargetPlatform (30)
[2015.04.07-00.14.28:600][794]LogModuleManager: Shutting down and abandoning module Android_ETC1TargetPlatform (29)
[2015.04.07-00.14.28:600][794]LogModuleManager: Shutting down and abandoning module Android_ES31TargetPlatform (28)
[2015.04.07-00.14.28:600][794]LogModuleManager: Shutting down and abandoning module Android_DXTTargetPlatform (27)
[2015.04.07-00.14.28:600][794]LogModuleManager: Shutting down and abandoning module Android_ATCTargetPlatform (26)
[2015.04.07-00.14.28:600][794]LogModuleManager: Shutting down and abandoning module AndroidTargetPlatform (25)
[2015.04.07-00.14.28:600][794]LogModuleManager: Shutting down and abandoning module WindowsTargetPlatform (24)
[2015.04.07-00.14.28:600][794]LogModuleManager: Shutting down and abandoning module WindowsServerTargetPlatform (23)
[2015.04.07-00.14.28:600][794]LogModuleManager: Shutting down and abandoning module WindowsNoEditorTargetPlatform (22)
[2015.04.07-00.14.28:600][794]LogModuleManager: Shutting down and abandoning module WindowsClientTargetPlatform (21)
[2015.04.07-00.14.28:600][794]LogModuleManager: Shutting down and abandoning module TargetPlatform (20)
[2015.04.07-00.14.28:600][794]LogModuleManager: Shutting down and abandoning module InputCore (19)
[2015.04.07-00.14.28:600][794]LogModuleManager: Shutting down and abandoning module Settings (18)
[2015.04.07-00.14.28:601][794]LogModuleManager: Shutting down and abandoning module OnlineSubsystem (16)
[2015.04.07-00.14.28:601][794]LogModuleManager: Shutting down and abandoning module OculusRift (15)
[2015.04.07-00.14.28:601][794]LogModuleManager: Shutting down and abandoning module ExampleDeviceProfileSelector (14)
[2015.04.07-00.14.28:601][794]LogModuleManager: Shutting down and abandoning module TextureCompressor (13)
[2015.04.07-00.14.28:601][794]LogModuleManager: Shutting down and abandoning module ShaderCore (12)
[2015.04.07-00.14.28:601][794]LogModuleManager: Shutting down and abandoning module Landscape (11)
[2015.04.07-00.14.28:601][794]LogModuleManager: Shutting down and abandoning module SlateRHIRenderer (10)
[2015.04.07-00.14.28:606][794]LogModuleManager: Shutting down and abandoning module OpenGLDrv (9)
[2015.04.07-00.14.28:606][794]LogModuleManager: Shutting down and abandoning module D3D11RHI (8)
[2015.04.07-00.14.28:606][794]LogModuleManager: Shutting down and abandoning module Renderer (7)
[2015.04.07-00.14.28:606][794]LogModuleManager: Shutting down and abandoning module Engine (6)
[2015.04.07-00.14.28:606][794]LogModuleManager: Shutting down and abandoning module CoreUObject (5)
[2015.04.07-00.14.28:606][794]LogModuleManager: Shutting down and abandoning module NetworkFile (4)
[2015.04.07-00.14.28:606][794]LogModuleManager: Shutting down and abandoning module StreamingFile (3)
[2015.04.07-00.14.28:606][794]LogModuleManager: Shutting down and abandoning module SandboxFile (2)
[2015.04.07-00.14.28:606][794]LogModuleManager: Shutting down and abandoning module PakFile (1)
[2015.04.07-00.14.28:607][794]LogExit: Exiting.
[2015.04.07-00.14.28:616][794]Log file closed, 04/06/15 17:14:28
