Log file open, 04/04/15 22:42:48
LogInit:Display: Running engine for game: MyPaper2dGame
LogInit: Version: 4.7.4-2497108+++depot+UE4-Releases+4.7
LogInit: API Version: 2455222
LogInit: Compiled (64-bit): Mar 31 2015 09:40:25
LogInit: Compiled with Visual C++: 18.00.21005.01
LogInit: Build Configuration: Development
LogInit: Branch Name: ++depot+UE4-Releases+4.7
LogInit: Command line:  /Temp/Autosaves/Game/UEDPCMy2DMap -game -PIEVIACONSOLE -ResX=1280 -ResY=720  -Multiprocess -featureleveles2 -faketouches 
LogInit: Base directory: C:/Program Files/Epic Games/4.7/Engine/Binaries/Win64/
LogInit: Rocket: 1
[2015.04.05-05.42.48:410][  0]LogTaskGraph: Started task graph with 3 named threads and 6 total threads.
[2015.04.05-05.42.48:462][  0]LogOnline:Warning: No default platform service specified for OnlineSubsystem
[2015.04.05-05.42.48:480][  0]LogInit: Presizing for 0 objects not considered by GC, pre-allocating 0 bytes.
[2015.04.05-05.42.48:492][  0]LogInit: Object subsystem initialized
[2015.04.05-05.42.48:494][  0]LogConsoleResponse:Warning: Skipping Unknown console variable: 'TranslucentSortAxis = (X=0.000000,Y=-1.000000,Z=0.000000)'
[2015.04.05-05.42.48:494][  0]LogConsoleResponse:Warning:   Found in ini file 'C:/Users/David/Documents/Unreal Projects/MyPaper2dGame/Saved/Config/Windows/Engine.ini', in section '[/Script/Engine.RendererSettings]'
[2015.04.05-05.42.48:494][  0]LogConsoleResponse:Warning: Skipping Unknown console variable: 'UIScaleRule = ShortestSide'
[2015.04.05-05.42.48:494][  0]LogConsoleResponse:Warning:   Found in ini file 'C:/Users/David/Documents/Unreal Projects/MyPaper2dGame/Saved/Config/Windows/Engine.ini', in section '[/Script/Engine.RendererSettings]'
[2015.04.05-05.42.48:494][  0]LogConsoleResponse:Warning: Skipping Unknown console variable: 'UIScaleCurve = (EditorCurveData=(Keys=),ExternalCurve=None)'
[2015.04.05-05.42.48:494][  0]LogConsoleResponse:Warning:   Found in ini file 'C:/Users/David/Documents/Unreal Projects/MyPaper2dGame/Saved/Config/Windows/Engine.ini', in section '[/Script/Engine.RendererSettings]'
[2015.04.05-05.42.48:495][  0]LogInit: Selected Device Profile: [Windows]
[2015.04.05-05.42.48:495][  0]LogInit: Applying CVar settings loaded from the selected device profile: [Windows]
[2015.04.05-05.42.48:502][  0]LogInit: Computer: DAVOPCX64
[2015.04.05-05.42.48:502][  0]LogInit: User: David
[2015.04.05-05.42.48:502][  0]LogInit: CPU Page size=4096, Cores=4
[2015.04.05-05.42.48:502][  0]LogInit: High frequency timer resolution =3.418037 MHz
[2015.04.05-05.42.48:502][  0]LogMemory: Memory total: Physical=7.9GB (8GB approx) Virtual=8192.0GB
[2015.04.05-05.42.48:503][  0]LogMemory: Platform Memory Stats for Windows
[2015.04.05-05.42.48:503][  0]LogMemory: Process Physical Memory: 47.89 MB used, 47.89 MB peak
[2015.04.05-05.42.48:503][  0]LogMemory: Process Virtual Memory: 24.39 MB used, 24.39 MB peak
[2015.04.05-05.42.48:503][  0]LogMemory: Physical Memory: 4906.96 MB used, 8073.93 MB total
[2015.04.05-05.42.48:503][  0]LogMemory: Virtual Memory: 277.58 MB used, 8388608.00 MB total
[2015.04.05-05.42.48:526][  0]LogD3D11RHI: Found D3D11 adapter 0: AMD Radeon HD 7800 Series (Feature Level 11_0)
[2015.04.05-05.42.48:526][  0]LogD3D11RHI: Adapter has 1003MB of dedicated video memory, 0MB of dedicated system memory, and 3780MB of shared system memory, 2 output[s]
[2015.04.05-05.42.48:535][  0]LogD3D11RHI: Found D3D11 adapter 1: Intel(R) HD Graphics 4000 (Feature Level 11_0)
[2015.04.05-05.42.48:535][  0]LogD3D11RHI: Adapter has 64MB of dedicated video memory, 0MB of dedicated system memory, and 1632MB of shared system memory, 1 output[s]
[2015.04.05-05.42.48:535][  0]LogD3D11RHI: Chosen D3D11 Adapter Id = 0
[2015.04.05-05.42.48:564][  0]LogRHI: Texture pool is 702 MB (70% of 1003 MB)
[2015.04.05-05.42.48:575][  0]LogD3D11RHI: Async texture creation disabled: no driver support
[2015.04.05-05.42.48:630][  0]LogTextLocalizationManager: The requested culture ('en_US') has no localization data; parent culture's ('en') localization data will be used.
[2015.04.05-05.42.48:711][  0]LogTextLocalizationManager:Warning: Loading localization resources contain conflicting entries for (Namespace:UICommands, Key:Save_ToolTip):
Resource: (C:/Program Files/Epic Games/4.7/Engine/Content/Localization/Editor/en/Editor.locres) Hash: (-29098895) String: (Saves the current level to disk)
Resource: (C:/Program Files/Epic Games/4.7/Engine/Content/Localization/Engine/en/Engine.locres) Hash: (-1280300587) String: (Save selected data to vlog file)
[2015.04.05-05.42.48:711][  0]LogTextLocalizationManager:Warning: Loading localization resources contain conflicting entries for (Namespace:ContentBrowser, Key:ImportAssetToolTip):
Resource: (C:/Program Files/Epic Games/4.7/Engine/Content/Localization/Editor/en/Editor.locres) Hash: (-630476809) String: (Import to {0}...)
Resource: (C:/Program Files/Epic Games/4.7/Engine/Content/Localization/Editor/en/Editor.locres) Hash: (1271782899) String: (Imports an asset from file to this folder.)
[2015.04.05-05.42.48:829][  0]LogContentStreaming: Texture pool size is 1000.000000MB
[2015.04.05-05.42.51:296][  0]LogTargetPlatformManager:Display: Building Assets For Windows
[2015.04.05-05.42.51:872][  0]LogTargetPlatformManager:Display: Building Assets For Windows
[2015.04.05-05.42.51:941][  0]LogDerivedDataCache:Display: Max Cache Size: 512 MB
[2015.04.05-05.42.52:006][  0]LogDerivedDataCache: Loaded boot cache 0.06s 39MB C:/Users/David/AppData/Local/UnrealEngine/4.7/DerivedDataCache/Boot.ddc.
[2015.04.05-05.42.52:006][  0]LogDerivedDataCache:Display: Loaded Boot cache: C:/Users/David/AppData/Local/UnrealEngine/4.7/DerivedDataCache/Boot.ddc
[2015.04.05-05.42.52:006][  0]LogDerivedDataCache: FDerivedDataBackendGraph:  Pak pak cache file ../../../../../../Users/David/Documents/Unreal Projects/MyPaper2dGame/DerivedDataCache/DDC.ddp not found, will not use a pak cache.
[2015.04.05-05.42.52:006][  0]LogDerivedDataCache: Unable to find inner node Pak for hierarchical cache Hierarchy.
[2015.04.05-05.42.52:143][  0]LogDerivedDataCache:Display: Pak cache opened for reading ../../../Engine/DerivedDataCache/Compressed.ddp.
[2015.04.05-05.42.52:154][  0]LogDerivedDataCache: Using Local data cache path C:/Users/David/AppData/Local/UnrealEngine/Common/DerivedDataCache: Writable
[2015.04.05-05.42.52:655][  0]LogMaterial: Missing cached shader map for material WorldGridMaterial, compiling. Is special engine material.
[2015.04.05-05.43.19:061][  0]LogMaterial: Missing cached shader map for material DefaultDeferredDecalMaterial, compiling. 
[2015.04.05-05.43.19:497][  0]LogMaterial: Missing cached shader map for material DefaultLightFunctionMaterial, compiling. 
[2015.04.05-05.43.19:609][  0]LogMaterial: Missing cached shader map for material DefaultPostProcessMaterial, compiling. 
[2015.04.05-05.43.20:019][  0]LogMaterial: Missing cached shader map for material Widget3DPassThrough, compiling. 
[2015.04.05-05.43.20:023][  0]LogMaterial: Missing cached shader map for material Widget3DPassThrough, compiling. 
[2015.04.05-05.43.20:026][  0]LogMaterial: Missing cached shader map for material Widget3DPassThrough, compiling. 
[2015.04.05-05.43.20:029][  0]LogMaterial: Missing cached shader map for material Widget3DPassThrough, compiling. 
[2015.04.05-05.43.20:068][  0]LogMaterial: Missing cached shader map for material LandscapeGizmo_Mat, compiling. 
[2015.04.05-05.43.20:082][  0]LogMaterial: Missing cached shader map for material LandscapeGizmoHeight_Mat, compiling. 
[2015.04.05-05.43.20:124][  0]LogMeshUtilities: No automatic mesh reduction module available
[2015.04.05-05.43.20:124][  0]LogMeshUtilities: No automatic mesh merging module available
[2015.04.05-05.43.20:125][  0]LogMaterial: Missing cached shader map for material SplineEditorMeshMat, compiling. 
[2015.04.05-05.43.20:218][  0]LogMaterial: Missing cached shader map for material SkySphereMaterial, compiling. 
[2015.04.05-05.43.20:230][  0]LogMaterial: Missing cached shader map for material FloorPlaneMaterial, compiling. 
[2015.04.05-05.43.20:363][  0]LogMaterial: Missing cached shader map for material MatineeCam_mat, compiling. 
[2015.04.05-05.43.20:388][  0]LogMaterial: Missing cached shader map for material HelpActorMaterial, compiling. 
[2015.04.05-05.43.20:439][  0]LogMaterial: Missing cached shader map for material DefaultTextMaterialOpaque, compiling. 
[2015.04.05-05.43.20:539][  0]LogMaterial: Missing cached shader map for material DefaultMaterial, compiling. 
[2015.04.05-05.43.20:655][  0]LogInit: WinSock: version 1.1 (2.2), MaxSocks=32767, MaxUdp=65467
[2015.04.05-05.43.21:436][  0]LogWindowsMoviePlayer: Unable to load movie: ../../../../../../Users/David/Documents/Unreal Projects/MyPaper2dGame/Content/Movies/Default_Startup.mp4
[2015.04.05-05.43.21:488][  0]LogMaterial: Missing cached shader map for material DefaultSpriteMaterial, compiling. 
[2015.04.05-05.43.21:493][  0]LogMaterial: Missing cached shader map for material DefaultSpriteMaterial, compiling. 
[2015.04.05-05.43.21:628][  0]LogSourceControl: RunCommandInternalRaw: 'git version'
[2015.04.05-05.43.21:628][  0]LogSourceControl: RunCommandInternalRaw: ExecProcess ReturnCode=2 OutResults=''
[2015.04.05-05.43.21:673][  0]SourceControl: Info Source control is disabled
[2015.04.05-05.43.21:673][  0]SourceControl: Info Source control is disabled
[2015.04.05-05.43.21:673][  0]SourceControl: Info Source control is disabled
[2015.04.05-05.43.21:687][  0]SourceControl: Info Source control is disabled
[2015.04.05-05.43.21:827][  0]LogObj: 23971 objects as part of root set at end of initial load.
[2015.04.05-05.43.21:827][  0]LogUObjectAllocator: 4988936 out of 0 bytes used by permanent object pool.
[2015.04.05-05.43.21:875][  0]LogMaterial: Missing cached shader map for material HighResScreenshot, compiling. 
[2015.04.05-05.43.21:882][  0]LogMaterial: Missing cached shader map for material HighResScreenshotMask, compiling. 
[2015.04.05-05.43.21:896][  0]LogMaterial: Missing cached shader map for material HighResScreenshotCaptureRegion, compiling. 
[2015.04.05-05.43.21:935][  0]LogAutomationTest:Warning: ERR: Transient text cannot be serialized "Testing Transient serialization detection".
[2015.04.05-05.43.21:947][  0]LogEngine: Initializing Engine...
[2015.04.05-05.43.23:999][  0]LogMaterial: Missing cached shader map for material WireframeMaterial, compiling. Is special engine material.
[2015.04.05-05.43.24:019][  0]LogMaterial: Missing cached shader map for material LevelColorationLitMaterial, compiling. Is special engine material.
[2015.04.05-05.43.24:126][  0]LogMaterial: Missing cached shader map for material LevelColorationUnlitMaterial, compiling. Is special engine material.
[2015.04.05-05.43.24:148][  0]LogMaterial: Missing cached shader map for material MAT_LevelColorationLitLightmapUV, compiling. Is special engine material.
[2015.04.05-05.43.24:148][  0]LogMaterial:Warning: Failed to compile Material /Engine/EngineDebugMaterials/MAT_LevelColorationLitLightmapUV.MAT_LevelColorationLitLightmapUV for platform PCD3D_ES2, Default Material will be used in game.
[2015.04.05-05.43.24:148][  0]LogMaterial:Warning: 	(Node LightmapUVs) Node not supported in feature level ES2
[2015.04.05-05.43.24:155][  0]LogMaterial: Missing cached shader map for material ShadedLevelColorationLitMaterial, compiling. Is special engine material.
[2015.04.05-05.43.24:277][  0]LogMaterial: Missing cached shader map for material ShadedLevelColorationUnlitMateri, compiling. Is special engine material.
[2015.04.05-05.43.24:296][  0]LogMaterial: Missing cached shader map for material VertexColorMaterial, compiling. 
[2015.04.05-05.43.24:320][  0]LogMaterial: Missing cached shader map for material VertexColorViewMode_ColorOnly, compiling. 
[2015.04.05-05.43.24:326][  0]LogMaterial: Missing cached shader map for material VertexColorViewMode_AlphaAsColor, compiling. 
[2015.04.05-05.43.24:331][  0]LogMaterial: Missing cached shader map for material VertexColorViewMode_RedOnly, compiling. 
[2015.04.05-05.43.24:335][  0]LogMaterial: Missing cached shader map for material VertexColorViewMode_GreenOnly, compiling. 
[2015.04.05-05.43.24:341][  0]LogMaterial: Missing cached shader map for material VertexColorViewMode_BlueOnly, compiling. 
[2015.04.05-05.43.24:347][  0]LogMaterial: Missing cached shader map for material RemoveSurfaceMaterial, compiling. 
[2015.04.05-05.43.24:351][  0]LogMaterial: Missing cached shader map for material DebugMeshMaterial, compiling. 
[2015.04.05-05.43.24:359][  0]LogMaterial: Missing cached shader map for material M_InvalidLightmapSettings, compiling. 
[2015.04.05-05.43.24:372][  0]LogMaterial: Missing cached shader map for material GizmoMaterial, compiling. 
[2015.04.05-05.43.24:391][  0]LogInit: XAudio2 using 'Speakers (Realtek High Definition Audio)' : 2 channels at 48 kHz using 32 bits per sample (channel mask 0x3)
[2015.04.05-05.43.24:409][  0]LogInit: FAudioDevice initialized.
[2015.04.05-05.43.24:417][  0]LogInit: Texture streaming: Enabled
[2015.04.05-05.43.24:420][  0]LogMaterial: Missing cached shader map for material BaseColor, compiling. 
[2015.04.05-05.43.24:424][  0]LogMaterial: Missing cached shader map for material CustomDepth, compiling. 
[2015.04.05-05.43.24:429][  0]LogMaterial: Missing cached shader map for material DecalMask, compiling. 
[2015.04.05-05.43.24:433][  0]LogMaterial: Missing cached shader map for material FinalImage, compiling. 
[2015.04.05-05.43.24:437][  0]LogMaterial: Missing cached shader map for material LightingModel, compiling. 
[2015.04.05-05.43.24:442][  0]LogMaterial: Missing cached shader map for material MaterialAO, compiling. 
[2015.04.05-05.43.24:446][  0]LogMaterial: Missing cached shader map for material Metallic, compiling. 
[2015.04.05-05.43.24:451][  0]LogMaterial: Missing cached shader map for material Opacity, compiling. 
[2015.04.05-05.43.24:456][  0]LogMaterial: Missing cached shader map for material Roughness, compiling. 
[2015.04.05-05.43.24:459][  0]LogMaterial: Missing cached shader map for material SceneColor, compiling. 
[2015.04.05-05.43.24:463][  0]LogMaterial: Missing cached shader map for material SceneDepth, compiling. 
[2015.04.05-05.43.24:466][  0]LogMaterial: Missing cached shader map for material SeparateTranslucencyRGB, compiling. 
[2015.04.05-05.43.24:471][  0]LogMaterial: Missing cached shader map for material SeparateTranslucencyA, compiling. 
[2015.04.05-05.43.24:476][  0]LogMaterial: Missing cached shader map for material Specular, compiling. 
[2015.04.05-05.43.24:480][  0]LogMaterial: Missing cached shader map for material SubsurfaceColor, compiling. 
[2015.04.05-05.43.24:486][  0]LogMaterial: Missing cached shader map for material WorldNormal, compiling. 
[2015.04.05-05.43.24:490][  0]LogMaterial: Missing cached shader map for material AmbientOcclusion, compiling. 
[2015.04.05-05.43.24:497][  0]LogMaterial: Missing cached shader map for material CustomDepthWorldUnits, compiling. 
[2015.04.05-05.43.24:504][  0]LogMaterial: Missing cached shader map for material SceneDepthWorldUnits, compiling. 
[2015.04.05-05.43.24:564][  0]LogAnalytics: Creating configured Analytics provider AnalyticsET
[2015.04.05-05.43.24:564][  0]LogAnalytics: ET APIKey = Rocket.Release. APIServer = http://et2.epicgames.com/ET2/. AppVersion = 4.7.4-2497108+++depot+UE4-Releases+4.7
[2015.04.05-05.43.24:564][  0]LogAnalytics: ET APIKey = Rocket.Release. DataRouterUploadURL = https://datarouter-public-service-gamedev.ol.epicgames.net/datarouter/api/v1/public/data. AppVersion = 4.7.4-2497108+++depot+UE4-Releases+4.7
[2015.04.05-05.43.24:564][  0]LogAnalytics: SetUserId 63bad7584199a80b18f5d19af3640327|847b49c4ca63452480b7439378717c51|d31b456e-061b-4b71-818e-0d4e346df735
[2015.04.05-05.43.24:564][  0]LogAnalytics: AnalyticsET::StartSession [Rocket.Release]
[2015.04.05-05.43.24:625][  0]LogNet: Browse: /Temp/Autosaves/Game/UEDPCMy2DMap?Name=Player
[2015.04.05-05.43.24:627][  0]LogLoad: LoadMap: /Temp/Autosaves/Game/UEDPCMy2DMap?Name=Player
[2015.04.05-05.43.24:643][  0]LogMemory: Platform Memory Stats for Windows
[2015.04.05-05.43.24:643][  0]LogMemory: Process Physical Memory: 369.71 MB used, 370.48 MB peak
[2015.04.05-05.43.24:643][  0]LogMemory: Process Virtual Memory: 329.77 MB used, 331.79 MB peak
[2015.04.05-05.43.24:643][  0]LogMemory: Physical Memory: 5337.50 MB used, 8073.93 MB total
[2015.04.05-05.43.24:643][  0]LogMemory: Virtual Memory: 789.91 MB used, 8388608.00 MB total
[2015.04.05-05.43.24:643][  0]LogMemory: 
[2015.04.05-05.43.24:643][  0]Allocator Stats for TBB: (not implemented)
[2015.04.05-05.43.24:665][  0]LogMaterial: Missing cached shader map for material LevelPrototype, compiling. 
[2015.04.05-05.43.24:727][  0]LogMaterial: Missing cached shader map for material DefaultSpriteMaterial, compiling. 
[2015.04.05-05.43.24:730][  0]LogWorld: Game class is 'PaperGameMode_C'
[2015.04.05-05.43.24:780][  0]LogAIModule: Creating AISystem for world My2DMap
[2015.04.05-05.43.24:781][  0]LogWorld: Bringing World /Temp/Autosaves/Game/UEDPCMy2DMap.My2DMap up for play (max tick rate 0) at 2015.04.04-22.43.24
[2015.04.05-05.43.24:782][  0]LogWorld: Bringing up level for play took: 0.001650
[2015.04.05-05.43.24:834][  0]LogInit:Display: Game Engine Initialized.
[2015.04.05-05.43.25:068][  0]LogLoad: Full Startup: 38.59 seconds (BP compile: 0.01 seconds)
[2015.04.05-05.43.25:225][  1]LogRenderer:Warning: Reallocating scene render targets to support 1280x720 (Frame:2).
[2015.04.05-05.44.03:324][346]LogEngine: All Windows Closed
[2015.04.05-05.44.03:333][346]LogWindows: FPlatformMisc::RequestExit(0)
[2015.04.05-05.44.03:360][347]LogExit: Preparing to exit.
[2015.04.05-05.44.03:470][347]LogParticles: Destroying 0 GPU particle simulations for FXSystem 0x000000000E050B80
[2015.04.05-05.44.03:470][347]LogExit: Game engine shut down
[2015.04.05-05.44.03:521][347]LogExit: Object subsystem successfully closed.
[2015.04.05-05.44.03:563][347]LogModuleManager: Shutting down and abandoning module AndroidDeviceDetection (106)
[2015.04.05-05.44.04:093][347]LogModuleManager: Shutting down and abandoning module AutomationWorker (105)
[2015.04.05-05.44.04:093][347]LogModuleManager: Shutting down and abandoning module CharacterAI (104)
[2015.04.05-05.44.04:093][347]LogModuleManager: Shutting down and abandoning module AITestSuite (103)
[2015.04.05-05.44.04:093][347]LogModuleManager: Shutting down and abandoning module GameplayDebugger (102)
[2015.04.05-05.44.04:093][347]LogModuleManager: Shutting down and abandoning module AIModule (101)
[2015.04.05-05.44.04:093][347]LogModuleManager: Shutting down and abandoning module GameLiveStreaming (100)
[2015.04.05-05.44.04:093][347]LogModuleManager: Shutting down and abandoning module StreamingPauseRendering (99)
[2015.04.05-05.44.04:093][347]LogModuleManager: Shutting down and abandoning module HTTP (98)
[2015.04.05-05.44.04:093][347]LogModuleManager: Shutting down and abandoning module AnalyticsET (97)
[2015.04.05-05.44.04:093][347]LogModuleManager: Shutting down and abandoning module Analytics (96)
[2015.04.05-05.44.04:093][347]LogModuleManager: Shutting down and abandoning module ProfilerService (95)
[2015.04.05-05.44.04:112][347]LogModuleManager: Shutting down and abandoning module TaskGraph (94)
[2015.04.05-05.44.04:112][347]LogModuleManager: Shutting down and abandoning module SlateRemote (93)
[2015.04.05-05.44.04:112][347]LogModuleManager: Shutting down and abandoning module CustomMeshComponent (92)
[2015.04.05-05.44.04:112][347]LogModuleManager: Shutting down and abandoning module CableComponent (91)
[2015.04.05-05.44.04:112][347]LogModuleManager: Shutting down and abandoning module DesktopPlatform (90)
[2015.04.05-05.44.04:112][347]LogModuleManager: Shutting down and abandoning module DirectoryWatcher (89)
[2015.04.05-05.44.04:112][347]LogModuleManager: Shutting down and abandoning module HotReload (88)
[2015.04.05-05.44.04:112][347]LogModuleManager: Shutting down and abandoning module VisualStudioSourceCodeAccess (87)
[2015.04.05-05.44.04:112][347]LogModuleManager: Shutting down and abandoning module UObjectPlugin (86)
[2015.04.05-05.44.04:112][347]LogModuleManager: Shutting down and abandoning module SubversionSourceControl (85)
[2015.04.05-05.44.04:112][347]LogModuleManager: Shutting down and abandoning module GitSourceControl (84)
[2015.04.05-05.44.04:112][347]LogModuleManager: Shutting down and abandoning module SourceControl (83)
[2015.04.05-05.44.04:112][347]LogModuleManager: Shutting down and abandoning module PerforceSourceControl (82)
[2015.04.05-05.44.04:112][347]LogModuleManager: Shutting down and abandoning module BlankPlugin (81)
[2015.04.05-05.44.04:112][347]LogModuleManager: Shutting down and abandoning module ScriptPlugin (80)
[2015.04.05-05.44.04:112][347]LogModuleManager: Shutting down and abandoning module UdpMessaging (79)
[2015.04.05-05.44.04:112][347]LogModuleManager: Shutting down and abandoning module Paper2D (78)
[2015.04.05-05.44.04:112][347]LogModuleManager: Shutting down and abandoning module WindowsMoviePlayer (77)
[2015.04.05-05.44.04:113][347]LogModuleManager: Shutting down and abandoning module Media (76)
[2015.04.05-05.44.04:113][347]LogModuleManager: Shutting down and abandoning module WmfMedia (75)
[2015.04.05-05.44.04:114][347]LogModuleManager: Shutting down and abandoning module OnlineBlueprintSupport (74)
[2015.04.05-05.44.04:114][347]LogModuleManager: Shutting down and abandoning module PropertyEditor (73)
[2015.04.05-05.44.04:114][347]LogModuleManager: Shutting down and abandoning module BehaviorTreeEditor (72)
[2015.04.05-05.44.04:114][347]LogModuleManager: Shutting down and abandoning module FunctionalTesting (71)
[2015.04.05-05.44.04:114][347]LogModuleManager: Shutting down and abandoning module CollisionAnalyzer (70)
[2015.04.05-05.44.04:114][347]LogModuleManager: Shutting down and abandoning module WorkspaceMenuStructure (69)
[2015.04.05-05.44.04:114][347]LogModuleManager: Shutting down and abandoning module MessageLog (68)
[2015.04.05-05.44.04:114][347]LogModuleManager: Shutting down and abandoning module Sequencer (67)
[2015.04.05-05.44.04:114][347]LogModuleManager: Shutting down and abandoning module AssetTools (66)
[2015.04.05-05.44.04:114][347]LogModuleManager: Shutting down and abandoning module UMGEditor (65)
[2015.04.05-05.44.04:114][347]LogModuleManager: Shutting down and abandoning module UMG (64)
[2015.04.05-05.44.04:114][347]LogModuleManager: Shutting down and abandoning module Slate (63)
[2015.04.05-05.44.04:114][347]LogModuleManager: Shutting down and abandoning module EditorStyle (62)
[2015.04.05-05.44.04:120][347]LogModuleManager: Shutting down and abandoning module SessionServices (61)
[2015.04.05-05.44.04:120][347]LogModuleManager: Shutting down and abandoning module SourceCodeAccess (60)
[2015.04.05-05.44.04:120][347]LogModuleManager: Shutting down and abandoning module HeadMountedDisplay (59)
[2015.04.05-05.44.04:120][347]LogModuleManager: Shutting down and abandoning module XAudio2 (58)
[2015.04.05-05.44.04:120][347]LogModuleManager: Shutting down and abandoning module Networking (56)
[2015.04.05-05.44.04:120][347]LogModuleManager: Shutting down and abandoning module Core (55)
[2015.04.05-05.44.04:120][347]LogModuleManager: Shutting down and abandoning module KismetCompiler (54)
[2015.04.05-05.44.04:120][347]LogModuleManager: Shutting down and abandoning module PhysXFormats (53)
[2015.04.05-05.44.04:120][347]LogModuleManager: Shutting down and abandoning module MeshUtilities (52)
[2015.04.05-05.44.04:120][347]LogModuleManager: Shutting down and abandoning module DerivedDataCache (51)
[2015.04.05-05.44.04:148][347]LogDerivedDataCache: Shutdown
[2015.04.05-05.44.04:148][347]LogModuleManager: Shutting down and abandoning module ShaderFormatOpenGL (50)
[2015.04.05-05.44.04:148][347]LogModuleManager: Shutting down and abandoning module ShaderFormatD3D (49)
[2015.04.05-05.44.04:148][347]LogModuleManager: Shutting down and abandoning module MetalShaderFormat (48)
[2015.04.05-05.44.04:148][347]LogModuleManager: Shutting down and abandoning module TextureFormatUncompressed (47)
[2015.04.05-05.44.04:148][347]LogModuleManager: Shutting down and abandoning module TextureFormatPVR (46)
[2015.04.05-05.44.04:148][347]LogModuleManager: Shutting down and abandoning module TextureFormatIntelISPCTexComp (45)
[2015.04.05-05.44.04:148][347]LogModuleManager: Shutting down and abandoning module TextureFormatDXT (44)
[2015.04.05-05.44.04:148][347]LogModuleManager: Shutting down and abandoning module ImageWrapper (43)
[2015.04.05-05.44.04:148][347]LogModuleManager: Shutting down and abandoning module TextureFormatASTC (42)
[2015.04.05-05.44.04:148][347]LogModuleManager: Shutting down and abandoning module TextureFormatAndroid (41)
[2015.04.05-05.44.04:148][347]LogModuleManager: Shutting down and abandoning module AudioFormatOpus (40)
[2015.04.05-05.44.04:148][347]LogModuleManager: Shutting down and abandoning module AudioFormatOgg (39)
[2015.04.05-05.44.04:148][347]LogModuleManager: Shutting down and abandoning module AudioFormatADPCM (38)
[2015.04.05-05.44.04:148][347]LogModuleManager: Shutting down and abandoning module LinuxTargetPlatform (37)
[2015.04.05-05.44.04:148][347]LogModuleManager: Shutting down and abandoning module LinuxServerTargetPlatform (36)
[2015.04.05-05.44.04:148][347]LogModuleManager: Shutting down and abandoning module LinuxNoEditorTargetPlatform (35)
[2015.04.05-05.44.04:148][347]LogModuleManager: Shutting down and abandoning module Messaging (34)
[2015.04.05-05.44.04:148][347]LogModuleManager: Shutting down and abandoning module IOSTargetPlatform (33)
[2015.04.05-05.44.04:148][347]LogModuleManager: Shutting down and abandoning module HTML5TargetPlatform (32)
[2015.04.05-05.44.04:149][347]LogModuleManager: Shutting down and abandoning module Android_PVRTCTargetPlatform (31)
[2015.04.05-05.44.04:149][347]LogModuleManager: Shutting down and abandoning module Android_ETC2TargetPlatform (30)
[2015.04.05-05.44.04:149][347]LogModuleManager: Shutting down and abandoning module Android_ETC1TargetPlatform (29)
[2015.04.05-05.44.04:149][347]LogModuleManager: Shutting down and abandoning module Android_ES31TargetPlatform (28)
[2015.04.05-05.44.04:149][347]LogModuleManager: Shutting down and abandoning module Android_DXTTargetPlatform (27)
[2015.04.05-05.44.04:149][347]LogModuleManager: Shutting down and abandoning module Android_ATCTargetPlatform (26)
[2015.04.05-05.44.04:149][347]LogModuleManager: Shutting down and abandoning module AndroidTargetPlatform (25)
[2015.04.05-05.44.04:149][347]LogModuleManager: Shutting down and abandoning module WindowsTargetPlatform (24)
[2015.04.05-05.44.04:149][347]LogModuleManager: Shutting down and abandoning module WindowsServerTargetPlatform (23)
[2015.04.05-05.44.04:149][347]LogModuleManager: Shutting down and abandoning module WindowsNoEditorTargetPlatform (22)
[2015.04.05-05.44.04:149][347]LogModuleManager: Shutting down and abandoning module WindowsClientTargetPlatform (21)
[2015.04.05-05.44.04:149][347]LogModuleManager: Shutting down and abandoning module TargetPlatform (20)
[2015.04.05-05.44.04:149][347]LogModuleManager: Shutting down and abandoning module InputCore (19)
[2015.04.05-05.44.04:149][347]LogModuleManager: Shutting down and abandoning module Settings (18)
[2015.04.05-05.44.04:149][347]LogModuleManager: Shutting down and abandoning module OnlineSubsystem (16)
[2015.04.05-05.44.04:149][347]LogModuleManager: Shutting down and abandoning module OculusRift (15)
[2015.04.05-05.44.04:149][347]LogModuleManager: Shutting down and abandoning module ExampleDeviceProfileSelector (14)
[2015.04.05-05.44.04:149][347]LogModuleManager: Shutting down and abandoning module TextureCompressor (13)
[2015.04.05-05.44.04:149][347]LogModuleManager: Shutting down and abandoning module ShaderCore (12)
[2015.04.05-05.44.04:149][347]LogModuleManager: Shutting down and abandoning module Landscape (11)
[2015.04.05-05.44.04:149][347]LogModuleManager: Shutting down and abandoning module SlateRHIRenderer (10)
[2015.04.05-05.44.04:149][347]LogModuleManager: Shutting down and abandoning module OpenGLDrv (9)
[2015.04.05-05.44.04:149][347]LogModuleManager: Shutting down and abandoning module D3D11RHI (8)
[2015.04.05-05.44.04:149][347]LogModuleManager: Shutting down and abandoning module Renderer (7)
[2015.04.05-05.44.04:149][347]LogModuleManager: Shutting down and abandoning module Engine (6)
[2015.04.05-05.44.04:149][347]LogModuleManager: Shutting down and abandoning module CoreUObject (5)
[2015.04.05-05.44.04:149][347]LogModuleManager: Shutting down and abandoning module NetworkFile (4)
[2015.04.05-05.44.04:149][347]LogModuleManager: Shutting down and abandoning module StreamingFile (3)
[2015.04.05-05.44.04:149][347]LogModuleManager: Shutting down and abandoning module SandboxFile (2)
[2015.04.05-05.44.04:149][347]LogModuleManager: Shutting down and abandoning module PakFile (1)
[2015.04.05-05.44.04:150][347]LogExit: Exiting.
[2015.04.05-05.44.04:152][347]Log file closed, 04/04/15 22:44:04
